2024-12-26 13:53:07,444 INFO SPI service [com.alipay.sofa.jraft.JRaftServiceFactory - com.alipay.sofa.jraft.core.DefaultJRaftServiceFactory] loading.

2024-12-26 13:53:07,505 INFO SPI service [com.alipay.sofa.jraft.rpc.RaftRpcFactory - com.alipay.sofa.jraft.rpc.impl.GrpcRaftRpcFactory] loading.

2024-12-26 13:53:07,628 INFO SPI service [com.alipay.sofa.jraft.util.timer.RaftTimerFactory - com.alipay.sofa.jraft.util.timer.DefaultRaftTimerFactory] loading.

2024-12-26 13:53:07,634 INFO The number of active nodes increment to 1.

2024-12-26 13:53:07,740 INFO Starts FSMCaller successfully.

2024-12-26 13:53:07,740 WARN No data for snapshot reader C:\Users\Administrator\Desktop\wyc\learn\dubbo\nacos\data\protocol\raft\naming_persistent_service\snapshot.

2024-12-26 13:53:07,740 INFO Node <naming_persistent_service/192.168.1.9:7848> init, term=0, lastLogId=LogId [index=0, term=0], conf=192.168.1.9:7848, oldConf=.

2024-12-26 13:53:07,740 INFO Node <naming_persistent_service/192.168.1.9:7848> start vote and grant vote self, term=0.

2024-12-26 13:53:07,762 WARN Unable to fsync directory C:\Users\Administrator\Desktop\wyc\learn\dubbo\nacos\data\protocol\raft\naming_persistent_service\meta-data on windows.

2024-12-26 13:53:07,764 INFO Save raft meta, path=C:\Users\Administrator\Desktop\wyc\learn\dubbo\nacos\data\protocol\raft\naming_persistent_service\meta-data, term=1, votedFor=192.168.1.9:7848, cost time=13 ms

2024-12-26 13:53:07,764 INFO Node <naming_persistent_service/192.168.1.9:7848> become leader of group, term=1, conf=192.168.1.9:7848, oldConf=.

2024-12-26 13:53:07,765 INFO -Djraft.recyclers.maxCapacityPerThread: 4096.

2024-12-26 13:53:07,766 WARN RPC server is not started in RaftGroupService.

2024-12-26 13:53:07,766 INFO Start the RaftGroupService successfully.

2024-12-26 13:53:07,773 INFO onLeaderStart: term=1.

2024-12-26 13:53:07,805 INFO The number of active nodes increment to 2.

2024-12-26 13:53:07,821 INFO Creating new channel to: 192.168.1.9:7848.

2024-12-26 13:53:07,821 INFO The channel 192.168.1.9:7848 is in state: CONNECTING.

2024-12-26 13:53:07,840 INFO Starts FSMCaller successfully.

2024-12-26 13:53:07,841 WARN No data for snapshot reader C:\Users\Administrator\Desktop\wyc\learn\dubbo\nacos\data\protocol\raft\naming_persistent_service_v2\snapshot.

2024-12-26 13:53:07,841 INFO Node <naming_persistent_service_v2/192.168.1.9:7848> init, term=0, lastLogId=LogId [index=0, term=0], conf=192.168.1.9:7848, oldConf=.

2024-12-26 13:53:07,841 INFO Node <naming_persistent_service_v2/192.168.1.9:7848> start vote and grant vote self, term=0.

2024-12-26 13:53:07,847 WARN Unable to fsync directory C:\Users\Administrator\Desktop\wyc\learn\dubbo\nacos\data\protocol\raft\naming_persistent_service_v2\meta-data on windows.

2024-12-26 13:53:07,847 INFO Save raft meta, path=C:\Users\Administrator\Desktop\wyc\learn\dubbo\nacos\data\protocol\raft\naming_persistent_service_v2\meta-data, term=1, votedFor=192.168.1.9:7848, cost time=5 ms

2024-12-26 13:53:07,847 INFO Node <naming_persistent_service_v2/192.168.1.9:7848> become leader of group, term=1, conf=192.168.1.9:7848, oldConf=.

2024-12-26 13:53:07,847 WARN RPC server is not started in RaftGroupService.

2024-12-26 13:53:07,847 INFO Start the RaftGroupService successfully.

2024-12-26 13:53:07,849 INFO onLeaderStart: term=1.

2024-12-26 13:53:07,855 INFO The number of active nodes increment to 3.

2024-12-26 13:53:07,890 INFO Starts FSMCaller successfully.

2024-12-26 13:53:07,890 WARN No data for snapshot reader C:\Users\Administrator\Desktop\wyc\learn\dubbo\nacos\data\protocol\raft\naming_instance_metadata\snapshot.

2024-12-26 13:53:07,890 INFO Node <naming_instance_metadata/192.168.1.9:7848> init, term=0, lastLogId=LogId [index=0, term=0], conf=192.168.1.9:7848, oldConf=.

2024-12-26 13:53:07,890 INFO Node <naming_instance_metadata/192.168.1.9:7848> start vote and grant vote self, term=0.

2024-12-26 13:53:07,896 WARN Unable to fsync directory C:\Users\Administrator\Desktop\wyc\learn\dubbo\nacos\data\protocol\raft\naming_instance_metadata\meta-data on windows.

2024-12-26 13:53:07,896 INFO Save raft meta, path=C:\Users\Administrator\Desktop\wyc\learn\dubbo\nacos\data\protocol\raft\naming_instance_metadata\meta-data, term=1, votedFor=192.168.1.9:7848, cost time=6 ms

2024-12-26 13:53:07,896 INFO Node <naming_instance_metadata/192.168.1.9:7848> become leader of group, term=1, conf=192.168.1.9:7848, oldConf=.

2024-12-26 13:53:07,896 WARN RPC server is not started in RaftGroupService.

2024-12-26 13:53:07,896 INFO Start the RaftGroupService successfully.

2024-12-26 13:53:07,896 INFO onLeaderStart: term=1.

2024-12-26 13:53:07,896 INFO The number of active nodes increment to 4.

2024-12-26 13:53:07,934 INFO Starts FSMCaller successfully.

2024-12-26 13:53:07,934 WARN No data for snapshot reader C:\Users\Administrator\Desktop\wyc\learn\dubbo\nacos\data\protocol\raft\naming_service_metadata\snapshot.

2024-12-26 13:53:07,934 INFO Node <naming_service_metadata/192.168.1.9:7848> init, term=0, lastLogId=LogId [index=0, term=0], conf=192.168.1.9:7848, oldConf=.

2024-12-26 13:53:07,934 INFO Node <naming_service_metadata/192.168.1.9:7848> start vote and grant vote self, term=0.

2024-12-26 13:53:07,934 INFO The channel 192.168.1.9:7848 is in state: READY.

2024-12-26 13:53:07,934 INFO The channel 192.168.1.9:7848 has successfully established.

2024-12-26 13:53:07,937 WARN Unable to fsync directory C:\Users\Administrator\Desktop\wyc\learn\dubbo\nacos\data\protocol\raft\naming_service_metadata\meta-data on windows.

2024-12-26 13:53:07,937 INFO Save raft meta, path=C:\Users\Administrator\Desktop\wyc\learn\dubbo\nacos\data\protocol\raft\naming_service_metadata\meta-data, term=1, votedFor=192.168.1.9:7848, cost time=4 ms

2024-12-26 13:53:07,937 INFO Node <naming_service_metadata/192.168.1.9:7848> become leader of group, term=1, conf=192.168.1.9:7848, oldConf=.

2024-12-26 13:53:07,937 WARN RPC server is not started in RaftGroupService.

2024-12-26 13:53:07,937 INFO Start the RaftGroupService successfully.

2024-12-26 13:53:07,937 INFO onLeaderStart: term=1.

2024-12-26 14:11:34,974 WARN Unable to fsync directory C:\Users\Administrator\Desktop\wyc\learn\dubbo\nacos\data\protocol\raft\naming_service_metadata\snapshot\temp on windows.

2024-12-26 14:11:34,974 INFO Deleting snapshot C:\Users\Administrator\Desktop\wyc\learn\dubbo\nacos\data\protocol\raft\naming_service_metadata\snapshot\snapshot_1.

2024-12-26 14:11:34,974 INFO Renaming C:\Users\Administrator\Desktop\wyc\learn\dubbo\nacos\data\protocol\raft\naming_service_metadata\snapshot\temp to C:\Users\Administrator\Desktop\wyc\learn\dubbo\nacos\data\protocol\raft\naming_service_metadata\snapshot\snapshot_1.

2024-12-26 14:11:34,974 WARN Unable to fsync directory C:\Users\Administrator\Desktop\wyc\learn\dubbo\nacos\data\protocol\raft\naming_service_metadata\snapshot on windows.

2024-12-26 14:11:58,011 WARN Unable to fsync directory C:\Users\Administrator\Desktop\wyc\learn\dubbo\nacos\data\protocol\raft\naming_persistent_service\snapshot\temp on windows.

2024-12-26 14:11:58,011 INFO Deleting snapshot C:\Users\Administrator\Desktop\wyc\learn\dubbo\nacos\data\protocol\raft\naming_persistent_service\snapshot\snapshot_1.

2024-12-26 14:11:58,011 INFO Renaming C:\Users\Administrator\Desktop\wyc\learn\dubbo\nacos\data\protocol\raft\naming_persistent_service\snapshot\temp to C:\Users\Administrator\Desktop\wyc\learn\dubbo\nacos\data\protocol\raft\naming_persistent_service\snapshot\snapshot_1.

2024-12-26 14:11:58,011 WARN Unable to fsync directory C:\Users\Administrator\Desktop\wyc\learn\dubbo\nacos\data\protocol\raft\naming_persistent_service\snapshot on windows.

2024-12-26 14:14:35,758 WARN Unable to fsync directory C:\Users\Administrator\Desktop\wyc\learn\dubbo\nacos\data\protocol\raft\naming_persistent_service_v2\snapshot\temp on windows.

2024-12-26 14:14:35,758 INFO Deleting snapshot C:\Users\Administrator\Desktop\wyc\learn\dubbo\nacos\data\protocol\raft\naming_persistent_service_v2\snapshot\snapshot_1.

2024-12-26 14:14:35,758 INFO Renaming C:\Users\Administrator\Desktop\wyc\learn\dubbo\nacos\data\protocol\raft\naming_persistent_service_v2\snapshot\temp to C:\Users\Administrator\Desktop\wyc\learn\dubbo\nacos\data\protocol\raft\naming_persistent_service_v2\snapshot\snapshot_1.

2024-12-26 14:14:35,758 WARN Unable to fsync directory C:\Users\Administrator\Desktop\wyc\learn\dubbo\nacos\data\protocol\raft\naming_persistent_service_v2\snapshot on windows.

2024-12-26 14:14:49,982 WARN Unable to fsync directory C:\Users\Administrator\Desktop\wyc\learn\dubbo\nacos\data\protocol\raft\naming_instance_metadata\snapshot\temp on windows.

2024-12-26 14:14:49,982 INFO Deleting snapshot C:\Users\Administrator\Desktop\wyc\learn\dubbo\nacos\data\protocol\raft\naming_instance_metadata\snapshot\snapshot_1.

2024-12-26 14:14:49,982 INFO Renaming C:\Users\Administrator\Desktop\wyc\learn\dubbo\nacos\data\protocol\raft\naming_instance_metadata\snapshot\temp to C:\Users\Administrator\Desktop\wyc\learn\dubbo\nacos\data\protocol\raft\naming_instance_metadata\snapshot\snapshot_1.

2024-12-26 14:14:49,982 WARN Unable to fsync directory C:\Users\Administrator\Desktop\wyc\learn\dubbo\nacos\data\protocol\raft\naming_instance_metadata\snapshot on windows.

2024-12-26 14:41:34,978 INFO Truncated prefix logs in data path: C:\Users\Administrator\Desktop\wyc\learn\dubbo\nacos\data\protocol\raft\naming_service_metadata\log from log index 1 to 2, cost 1 ms.

2024-12-26 14:41:57,988 INFO Truncated prefix logs in data path: C:\Users\Administrator\Desktop\wyc\learn\dubbo\nacos\data\protocol\raft\naming_persistent_service\log from log index 1 to 2, cost 0 ms.

2024-12-26 14:44:35,753 INFO Truncated prefix logs in data path: C:\Users\Administrator\Desktop\wyc\learn\dubbo\nacos\data\protocol\raft\naming_persistent_service_v2\log from log index 1 to 2, cost 0 ms.

2024-12-26 14:44:49,976 INFO Truncated prefix logs in data path: C:\Users\Administrator\Desktop\wyc\learn\dubbo\nacos\data\protocol\raft\naming_instance_metadata\log from log index 1 to 2, cost 0 ms.

2024-12-26 15:11:34,963 INFO Truncated prefix logs in data path: C:\Users\Administrator\Desktop\wyc\learn\dubbo\nacos\data\protocol\raft\naming_service_metadata\log from log index 2 to 2, cost 0 ms.

2024-12-26 15:11:57,998 INFO Truncated prefix logs in data path: C:\Users\Administrator\Desktop\wyc\learn\dubbo\nacos\data\protocol\raft\naming_persistent_service\log from log index 2 to 2, cost 0 ms.

2024-12-26 15:14:35,758 INFO Truncated prefix logs in data path: C:\Users\Administrator\Desktop\wyc\learn\dubbo\nacos\data\protocol\raft\naming_persistent_service_v2\log from log index 2 to 2, cost 0 ms.

2024-12-26 15:14:49,979 INFO Truncated prefix logs in data path: C:\Users\Administrator\Desktop\wyc\learn\dubbo\nacos\data\protocol\raft\naming_instance_metadata\log from log index 2 to 2, cost 0 ms.

2024-12-26 15:41:34,967 INFO Truncated prefix logs in data path: C:\Users\Administrator\Desktop\wyc\learn\dubbo\nacos\data\protocol\raft\naming_service_metadata\log from log index 2 to 2, cost 0 ms.

2024-12-26 15:41:58,009 INFO Truncated prefix logs in data path: C:\Users\Administrator\Desktop\wyc\learn\dubbo\nacos\data\protocol\raft\naming_persistent_service\log from log index 2 to 2, cost 0 ms.

2024-12-26 15:44:35,772 INFO Truncated prefix logs in data path: C:\Users\Administrator\Desktop\wyc\learn\dubbo\nacos\data\protocol\raft\naming_persistent_service_v2\log from log index 2 to 2, cost 0 ms.

2024-12-26 15:44:49,990 INFO Truncated prefix logs in data path: C:\Users\Administrator\Desktop\wyc\learn\dubbo\nacos\data\protocol\raft\naming_instance_metadata\log from log index 2 to 2, cost 0 ms.

2024-12-26 16:11:34,977 INFO Truncated prefix logs in data path: C:\Users\Administrator\Desktop\wyc\learn\dubbo\nacos\data\protocol\raft\naming_service_metadata\log from log index 2 to 2, cost 0 ms.

2024-12-26 16:11:58,015 INFO Truncated prefix logs in data path: C:\Users\Administrator\Desktop\wyc\learn\dubbo\nacos\data\protocol\raft\naming_persistent_service\log from log index 2 to 2, cost 0 ms.

2024-12-26 16:14:35,782 INFO Truncated prefix logs in data path: C:\Users\Administrator\Desktop\wyc\learn\dubbo\nacos\data\protocol\raft\naming_persistent_service_v2\log from log index 2 to 2, cost 0 ms.

2024-12-26 16:14:49,998 INFO Truncated prefix logs in data path: C:\Users\Administrator\Desktop\wyc\learn\dubbo\nacos\data\protocol\raft\naming_instance_metadata\log from log index 2 to 2, cost 0 ms.

2024-12-26 16:41:34,993 INFO Truncated prefix logs in data path: C:\Users\Administrator\Desktop\wyc\learn\dubbo\nacos\data\protocol\raft\naming_service_metadata\log from log index 2 to 2, cost 0 ms.

2024-12-26 16:41:58,026 INFO Truncated prefix logs in data path: C:\Users\Administrator\Desktop\wyc\learn\dubbo\nacos\data\protocol\raft\naming_persistent_service\log from log index 2 to 2, cost 0 ms.

2024-12-26 16:44:35,792 INFO Truncated prefix logs in data path: C:\Users\Administrator\Desktop\wyc\learn\dubbo\nacos\data\protocol\raft\naming_persistent_service_v2\log from log index 2 to 2, cost 0 ms.

2024-12-26 16:44:50,001 INFO Truncated prefix logs in data path: C:\Users\Administrator\Desktop\wyc\learn\dubbo\nacos\data\protocol\raft\naming_instance_metadata\log from log index 2 to 2, cost 0 ms.

2024-12-26 17:11:35,026 INFO Truncated prefix logs in data path: C:\Users\Administrator\Desktop\wyc\learn\dubbo\nacos\data\protocol\raft\naming_service_metadata\log from log index 2 to 2, cost 0 ms.

2024-12-26 17:11:58,029 INFO Truncated prefix logs in data path: C:\Users\Administrator\Desktop\wyc\learn\dubbo\nacos\data\protocol\raft\naming_persistent_service\log from log index 2 to 2, cost 0 ms.

2024-12-26 17:14:35,804 INFO Truncated prefix logs in data path: C:\Users\Administrator\Desktop\wyc\learn\dubbo\nacos\data\protocol\raft\naming_persistent_service_v2\log from log index 2 to 2, cost 0 ms.

2024-12-26 17:14:50,012 INFO Truncated prefix logs in data path: C:\Users\Administrator\Desktop\wyc\learn\dubbo\nacos\data\protocol\raft\naming_instance_metadata\log from log index 2 to 2, cost 0 ms.

2024-12-26 17:41:35,007 INFO Truncated prefix logs in data path: C:\Users\Administrator\Desktop\wyc\learn\dubbo\nacos\data\protocol\raft\naming_service_metadata\log from log index 2 to 2, cost 0 ms.

2024-12-26 17:41:58,044 INFO Truncated prefix logs in data path: C:\Users\Administrator\Desktop\wyc\learn\dubbo\nacos\data\protocol\raft\naming_persistent_service\log from log index 2 to 2, cost 0 ms.

2024-12-26 17:44:35,821 INFO Truncated prefix logs in data path: C:\Users\Administrator\Desktop\wyc\learn\dubbo\nacos\data\protocol\raft\naming_persistent_service_v2\log from log index 2 to 2, cost 0 ms.

2024-12-26 17:44:50,011 INFO Truncated prefix logs in data path: C:\Users\Administrator\Desktop\wyc\learn\dubbo\nacos\data\protocol\raft\naming_instance_metadata\log from log index 2 to 2, cost 1 ms.

2024-12-26 18:11:35,016 INFO Truncated prefix logs in data path: C:\Users\Administrator\Desktop\wyc\learn\dubbo\nacos\data\protocol\raft\naming_service_metadata\log from log index 2 to 2, cost 0 ms.

2024-12-26 18:11:58,060 INFO Truncated prefix logs in data path: C:\Users\Administrator\Desktop\wyc\learn\dubbo\nacos\data\protocol\raft\naming_persistent_service\log from log index 2 to 2, cost 0 ms.

2024-12-26 18:14:35,829 INFO Truncated prefix logs in data path: C:\Users\Administrator\Desktop\wyc\learn\dubbo\nacos\data\protocol\raft\naming_persistent_service_v2\log from log index 2 to 2, cost 0 ms.

2024-12-26 18:14:50,018 INFO Truncated prefix logs in data path: C:\Users\Administrator\Desktop\wyc\learn\dubbo\nacos\data\protocol\raft\naming_instance_metadata\log from log index 2 to 2, cost 0 ms.

2024-12-26 18:41:35,019 INFO Truncated prefix logs in data path: C:\Users\Administrator\Desktop\wyc\learn\dubbo\nacos\data\protocol\raft\naming_service_metadata\log from log index 2 to 2, cost 0 ms.

2024-12-26 18:41:58,063 INFO Truncated prefix logs in data path: C:\Users\Administrator\Desktop\wyc\learn\dubbo\nacos\data\protocol\raft\naming_persistent_service\log from log index 2 to 2, cost 0 ms.

2024-12-26 18:44:35,827 INFO Truncated prefix logs in data path: C:\Users\Administrator\Desktop\wyc\learn\dubbo\nacos\data\protocol\raft\naming_persistent_service_v2\log from log index 2 to 2, cost 0 ms.

2024-12-26 18:44:50,028 INFO Truncated prefix logs in data path: C:\Users\Administrator\Desktop\wyc\learn\dubbo\nacos\data\protocol\raft\naming_instance_metadata\log from log index 2 to 2, cost 0 ms.

2024-12-26 19:26:22,247 INFO Truncated prefix logs in data path: C:\Users\Administrator\Desktop\wyc\learn\dubbo\nacos\data\protocol\raft\naming_service_metadata\log from log index 2 to 2, cost 0 ms.

2024-12-26 19:26:22,247 INFO Truncated prefix logs in data path: C:\Users\Administrator\Desktop\wyc\learn\dubbo\nacos\data\protocol\raft\naming_persistent_service\log from log index 2 to 2, cost 0 ms.

2024-12-26 19:26:22,247 INFO Truncated prefix logs in data path: C:\Users\Administrator\Desktop\wyc\learn\dubbo\nacos\data\protocol\raft\naming_instance_metadata\log from log index 2 to 2, cost 1 ms.

2024-12-26 19:26:22,247 INFO Truncated prefix logs in data path: C:\Users\Administrator\Desktop\wyc\learn\dubbo\nacos\data\protocol\raft\naming_persistent_service_v2\log from log index 2 to 2, cost 1 ms.

2024-12-26 21:22:53,833 INFO Truncated prefix logs in data path: C:\Users\Administrator\Desktop\wyc\learn\dubbo\nacos\data\protocol\raft\naming_service_metadata\log from log index 2 to 2, cost 0 ms.

2024-12-26 21:22:53,833 INFO Truncated prefix logs in data path: C:\Users\Administrator\Desktop\wyc\learn\dubbo\nacos\data\protocol\raft\naming_persistent_service\log from log index 2 to 2, cost 0 ms.

2024-12-26 21:22:53,833 INFO Truncated prefix logs in data path: C:\Users\Administrator\Desktop\wyc\learn\dubbo\nacos\data\protocol\raft\naming_persistent_service_v2\log from log index 2 to 2, cost 0 ms.

2024-12-26 21:22:53,833 INFO Truncated prefix logs in data path: C:\Users\Administrator\Desktop\wyc\learn\dubbo\nacos\data\protocol\raft\naming_instance_metadata\log from log index 2 to 2, cost 0 ms.

2024-12-26 21:52:53,834 INFO Truncated prefix logs in data path: C:\Users\Administrator\Desktop\wyc\learn\dubbo\nacos\data\protocol\raft\naming_persistent_service\log from log index 2 to 2, cost 0 ms.

2024-12-26 21:52:53,834 INFO Truncated prefix logs in data path: C:\Users\Administrator\Desktop\wyc\learn\dubbo\nacos\data\protocol\raft\naming_instance_metadata\log from log index 2 to 2, cost 0 ms.

2024-12-26 21:52:53,834 INFO Truncated prefix logs in data path: C:\Users\Administrator\Desktop\wyc\learn\dubbo\nacos\data\protocol\raft\naming_service_metadata\log from log index 2 to 2, cost 1 ms.

2024-12-26 21:52:53,835 INFO Truncated prefix logs in data path: C:\Users\Administrator\Desktop\wyc\learn\dubbo\nacos\data\protocol\raft\naming_persistent_service_v2\log from log index 2 to 2, cost 0 ms.

2024-12-26 22:05:25,409 INFO Node <naming_service_metadata/192.168.1.9:7848> shutdown, currTerm=1 state=STATE_LEADER.

2024-12-26 22:05:25,413 INFO Fail to find the next candidate, group naming_service_metadata.

2024-12-26 22:05:25,413 INFO onLeaderStop: status=Status[ESHUTDOWN<1007>: Raft node is going to quit.].

2024-12-26 22:05:25,425 WARN Unable to fsync directory C:\Users\Administrator\Desktop\wyc\learn\dubbo\nacos\data\protocol\raft\naming_service_metadata\meta-data on windows.

2024-12-26 22:05:25,426 INFO Save raft meta, path=C:\Users\Administrator\Desktop\wyc\learn\dubbo\nacos\data\protocol\raft\naming_service_metadata\meta-data, term=1, votedFor=192.168.1.9:7848, cost time=11 ms

2024-12-26 22:05:25,426 INFO Shutting down FSMCaller...

2024-12-26 22:05:25,426 INFO ThreadPool is terminated: JRaft-RPC-Processor, com.alipay.sofa.jraft.util.MetricThreadPoolExecutor@6aed7c16[Shutting down, pool size = 0, active threads = 0, queued tasks = 0, completed tasks = 0].

2024-12-26 22:05:25,426 INFO ThreadPool is terminated: JRaft-Node-ScheduleThreadPool, com.alipay.sofa.jraft.util.MetricScheduledThreadPoolExecutor@60d40a55[Shutting down, pool size = 0, active threads = 0, queued tasks = 0, completed tasks = 0].

2024-12-26 22:05:25,426 INFO Destroy timer: RepeatedTimer{timeout=null, stopped=true, running=false, destroyed=true, invoking=false, timeoutMs=5000, name='JRaft-ElectionTimer-<naming_service_metadata/192.168.1.9:7848>'}.

2024-12-26 22:05:25,426 INFO Destroy timer: RepeatedTimer{timeout=null, stopped=true, running=false, destroyed=true, invoking=false, timeoutMs=5000, name='JRaft-VoteTimer-<naming_service_metadata/192.168.1.9:7848>'}.

2024-12-26 22:05:25,426 INFO Destroy timer: RepeatedTimer{timeout=null, stopped=true, running=false, destroyed=true, invoking=false, timeoutMs=2500, name='JRaft-StepDownTimer-<naming_service_metadata/192.168.1.9:7848>'}.

2024-12-26 22:05:25,426 INFO Destroy timer: RepeatedTimer{timeout=null, stopped=true, running=false, destroyed=true, invoking=false, timeoutMs=1800000, name='JRaft-SnapshotTimer-<naming_service_metadata/192.168.1.9:7848>'}.

2024-12-26 22:05:25,426 INFO onShutdown.

2024-12-26 22:05:25,426 INFO The number of active nodes decrement to 3.

2024-12-26 22:05:25,426 INFO Node <naming_service_metadata/192.168.1.9:7848> shutdown, currTerm=1 state=STATE_SHUTTING.

2024-12-26 22:05:25,426 INFO Stop the RaftGroupService successfully.

2024-12-26 22:05:25,426 INFO Node <naming_persistent_service/192.168.1.9:7848> shutdown, currTerm=1 state=STATE_LEADER.

2024-12-26 22:05:25,426 INFO Fail to find the next candidate, group naming_persistent_service.

2024-12-26 22:05:25,426 INFO onLeaderStop: status=Status[ESHUTDOWN<1007>: Raft node is going to quit.].

2024-12-26 22:05:25,428 WARN Unable to fsync directory C:\Users\Administrator\Desktop\wyc\learn\dubbo\nacos\data\protocol\raft\naming_persistent_service\meta-data on windows.

2024-12-26 22:05:25,433 INFO Save raft meta, path=C:\Users\Administrator\Desktop\wyc\learn\dubbo\nacos\data\protocol\raft\naming_persistent_service\meta-data, term=1, votedFor=192.168.1.9:7848, cost time=5 ms

2024-12-26 22:05:25,433 INFO Shutting down FSMCaller...

2024-12-26 22:05:25,433 INFO ThreadPool is terminated: JRaft-RPC-Processor, com.alipay.sofa.jraft.util.MetricThreadPoolExecutor@3ad7f975[Shutting down, pool size = 0, active threads = 0, queued tasks = 0, completed tasks = 0].

2024-12-26 22:05:25,433 INFO ThreadPool is terminated: JRaft-Node-ScheduleThreadPool, com.alipay.sofa.jraft.util.MetricScheduledThreadPoolExecutor@7a11cad8[Shutting down, pool size = 0, active threads = 0, queued tasks = 0, completed tasks = 0].

2024-12-26 22:05:25,433 INFO onShutdown.

2024-12-26 22:05:25,433 INFO Destroy timer: RepeatedTimer{timeout=null, stopped=true, running=false, destroyed=true, invoking=false, timeoutMs=5000, name='JRaft-ElectionTimer-<naming_persistent_service/192.168.1.9:7848>'}.

2024-12-26 22:05:25,433 INFO Destroy timer: RepeatedTimer{timeout=null, stopped=true, running=false, destroyed=true, invoking=false, timeoutMs=5000, name='JRaft-VoteTimer-<naming_persistent_service/192.168.1.9:7848>'}.

2024-12-26 22:05:25,433 INFO Destroy timer: RepeatedTimer{timeout=null, stopped=true, running=false, destroyed=true, invoking=false, timeoutMs=2500, name='JRaft-StepDownTimer-<naming_persistent_service/192.168.1.9:7848>'}.

2024-12-26 22:05:25,433 INFO Destroy timer: RepeatedTimer{timeout=null, stopped=true, running=false, destroyed=true, invoking=false, timeoutMs=1800000, name='JRaft-SnapshotTimer-<naming_persistent_service/192.168.1.9:7848>'}.

2024-12-26 22:05:25,433 INFO Node <naming_persistent_service/192.168.1.9:7848> shutdown, currTerm=1 state=STATE_SHUTTING.

2024-12-26 22:05:25,433 INFO Stop the RaftGroupService successfully.

2024-12-26 22:05:25,433 INFO Node <naming_instance_metadata/192.168.1.9:7848> shutdown, currTerm=1 state=STATE_LEADER.

2024-12-26 22:05:25,433 INFO The number of active nodes decrement to 2.

2024-12-26 22:05:25,433 INFO Fail to find the next candidate, group naming_instance_metadata.

2024-12-26 22:05:25,433 INFO onLeaderStop: status=Status[ESHUTDOWN<1007>: Raft node is going to quit.].

2024-12-26 22:05:25,441 WARN Unable to fsync directory C:\Users\Administrator\Desktop\wyc\learn\dubbo\nacos\data\protocol\raft\naming_instance_metadata\meta-data on windows.

2024-12-26 22:05:25,441 INFO DB destroyed, the db path is: C:\Users\Administrator\Desktop\wyc\learn\dubbo\nacos\data\protocol\raft\naming_service_metadata\log.

2024-12-26 22:05:25,441 INFO Save raft meta, path=C:\Users\Administrator\Desktop\wyc\learn\dubbo\nacos\data\protocol\raft\naming_instance_metadata\meta-data, term=1, votedFor=192.168.1.9:7848, cost time=11 ms

2024-12-26 22:05:25,441 INFO Shutting down FSMCaller...

2024-12-26 22:05:25,441 INFO ThreadPool is terminated: JRaft-RPC-Processor, com.alipay.sofa.jraft.util.MetricThreadPoolExecutor@1d5f94f2[Shutting down, pool size = 0, active threads = 0, queued tasks = 0, completed tasks = 0].

2024-12-26 22:05:25,441 INFO onShutdown.

2024-12-26 22:05:25,441 INFO ThreadPool is terminated: JRaft-Node-ScheduleThreadPool, com.alipay.sofa.jraft.util.MetricScheduledThreadPoolExecutor@1846ca7d[Shutting down, pool size = 0, active threads = 0, queued tasks = 0, completed tasks = 0].

2024-12-26 22:05:25,441 INFO Destroy timer: RepeatedTimer{timeout=null, stopped=true, running=false, destroyed=true, invoking=false, timeoutMs=5000, name='JRaft-ElectionTimer-<naming_instance_metadata/192.168.1.9:7848>'}.

2024-12-26 22:05:25,441 INFO Destroy timer: RepeatedTimer{timeout=null, stopped=true, running=false, destroyed=true, invoking=false, timeoutMs=5000, name='JRaft-VoteTimer-<naming_instance_metadata/192.168.1.9:7848>'}.

2024-12-26 22:05:25,441 INFO Destroy timer: RepeatedTimer{timeout=null, stopped=true, running=false, destroyed=true, invoking=false, timeoutMs=2500, name='JRaft-StepDownTimer-<naming_instance_metadata/192.168.1.9:7848>'}.

2024-12-26 22:05:25,441 INFO Destroy timer: RepeatedTimer{timeout=null, stopped=true, running=false, destroyed=true, invoking=false, timeoutMs=1800000, name='JRaft-SnapshotTimer-<naming_instance_metadata/192.168.1.9:7848>'}.

2024-12-26 22:05:25,441 INFO Node <naming_instance_metadata/192.168.1.9:7848> shutdown, currTerm=1 state=STATE_SHUTTING.

2024-12-26 22:05:25,441 INFO Stop the RaftGroupService successfully.

2024-12-26 22:05:25,441 INFO Node <naming_persistent_service_v2/192.168.1.9:7848> shutdown, currTerm=1 state=STATE_LEADER.

2024-12-26 22:05:25,441 INFO Fail to find the next candidate, group naming_persistent_service_v2.

2024-12-26 22:05:25,441 INFO onLeaderStop: status=Status[ESHUTDOWN<1007>: Raft node is going to quit.].

2024-12-26 22:05:25,441 INFO The number of active nodes decrement to 1.

2024-12-26 22:05:25,445 INFO DB destroyed, the db path is: C:\Users\Administrator\Desktop\wyc\learn\dubbo\nacos\data\protocol\raft\naming_persistent_service\log.

2024-12-26 22:05:25,449 WARN Unable to fsync directory C:\Users\Administrator\Desktop\wyc\learn\dubbo\nacos\data\protocol\raft\naming_persistent_service_v2\meta-data on windows.

2024-12-26 22:05:25,449 INFO Save raft meta, path=C:\Users\Administrator\Desktop\wyc\learn\dubbo\nacos\data\protocol\raft\naming_persistent_service_v2\meta-data, term=1, votedFor=192.168.1.9:7848, cost time=9 ms

2024-12-26 22:05:25,449 INFO Shutting down FSMCaller...

2024-12-26 22:05:25,449 INFO onShutdown.

2024-12-26 22:05:25,449 INFO ThreadPool is terminated: JRaft-RPC-Processor, com.alipay.sofa.jraft.util.MetricThreadPoolExecutor@28b878fa[Shutting down, pool size = 0, active threads = 0, queued tasks = 0, completed tasks = 0].

2024-12-26 22:05:25,449 INFO ThreadPool is terminated: JRaft-Node-ScheduleThreadPool, com.alipay.sofa.jraft.util.MetricScheduledThreadPoolExecutor@4921911b[Shutting down, pool size = 0, active threads = 0, queued tasks = 0, completed tasks = 0].

2024-12-26 22:05:25,454 INFO The number of active nodes decrement to 0.

2024-12-26 22:05:25,454 INFO ThreadPool is terminated: JRaft-Global-ElectionTimer, com.alipay.sofa.jraft.util.MetricScheduledThreadPoolExecutor@1569b115[Shutting down, pool size = 0, active threads = 0, queued tasks = 0, completed tasks = 4].

2024-12-26 22:05:25,455 INFO Destroy timer: RepeatedTimer{timeout=null, stopped=true, running=false, destroyed=true, invoking=false, timeoutMs=5000, name='JRaft-ElectionTimer-<naming_persistent_service_v2/192.168.1.9:7848>'}.

2024-12-26 22:05:25,455 INFO ThreadPool is terminated: JRaft-Global-VoteTimer, com.alipay.sofa.jraft.util.MetricScheduledThreadPoolExecutor@38f5c7bb[Shutting down, pool size = 0, active threads = 0, queued tasks = 0, completed tasks = 4].

2024-12-26 22:05:25,455 INFO Destroy timer: RepeatedTimer{timeout=null, stopped=true, running=false, destroyed=true, invoking=false, timeoutMs=5000, name='JRaft-VoteTimer-<naming_persistent_service_v2/192.168.1.9:7848>'}.

2024-12-26 22:05:25,459 INFO ThreadPool is terminated: JRaft-Global-StepDownTimer, com.alipay.sofa.jraft.util.MetricScheduledThreadPoolExecutor@3756b932[Shutting down, pool size = 0, active threads = 0, queued tasks = 0, completed tasks = 37416].

2024-12-26 22:05:25,459 INFO Destroy timer: RepeatedTimer{timeout=null, stopped=true, running=false, destroyed=true, invoking=false, timeoutMs=2500, name='JRaft-StepDownTimer-<naming_persistent_service_v2/192.168.1.9:7848>'}.

2024-12-26 22:05:25,459 INFO DB destroyed, the db path is: C:\Users\Administrator\Desktop\wyc\learn\dubbo\nacos\data\protocol\raft\naming_instance_metadata\log.

2024-12-26 22:05:25,459 INFO ThreadPool is terminated: JRaft-Global-SnapshotTimer, com.alipay.sofa.jraft.util.MetricScheduledThreadPoolExecutor@3e1cdc3e[Shutting down, pool size = 7, active threads = 0, queued tasks = 0, completed tasks = 52].

2024-12-26 22:05:25,459 INFO Destroy timer: RepeatedTimer{timeout=null, stopped=true, running=false, destroyed=true, invoking=false, timeoutMs=1800000, name='JRaft-SnapshotTimer-<naming_persistent_service_v2/192.168.1.9:7848>'}.

2024-12-26 22:05:25,459 INFO Node <naming_persistent_service_v2/192.168.1.9:7848> shutdown, currTerm=1 state=STATE_SHUTTING.

2024-12-26 22:05:25,459 INFO Stop the RaftGroupService successfully.

2024-12-26 22:05:25,459 INFO Shutdown managed channel: 192.168.1.9:7848, ManagedChannelOrphanWrapper{delegate=ManagedChannelImpl{logId=10, target=192.168.1.9:7848}}.

2024-12-26 22:05:25,464 INFO The channel 192.168.1.9:7848 is in state: SHUTDOWN.

2024-12-26 22:05:25,464 WARN This channel 192.168.1.9:7848 has started shutting down. Any new RPCs should fail immediately.

2024-12-26 22:05:25,467 INFO Connection disconnected: /192.168.1.9:64345

2024-12-26 22:05:25,470 INFO ThreadPool is terminated: JRaft-RPC-Processor, com.alipay.sofa.jraft.util.MetricThreadPoolExecutor@5c93e5dc[Shutting down, pool size = 0, active threads = 0, queued tasks = 0, completed tasks = 34152].

2024-12-26 22:05:25,474 INFO DB destroyed, the db path is: C:\Users\Administrator\Desktop\wyc\learn\dubbo\nacos\data\protocol\raft\naming_persistent_service_v2\log.

