2024-12-26 13:02:12,641 INFO notifyConnectTimeout:100

2024-12-26 13:02:12,642 INFO notifySocketTimeout:200

2024-12-26 13:02:12,642 INFO isHealthCheck:true

2024-12-26 13:02:12,642 INFO maxHealthCheckFailCount:12

2024-12-26 13:02:12,643 INFO maxContent:10485760

2024-12-26 13:21:24,092 INFO notifyConnectTimeout:100

2024-12-26 13:21:24,096 INFO notifySocketTimeout:200

2024-12-26 13:21:24,096 INFO isHealthCheck:true

2024-12-26 13:21:24,096 INFO maxHealthCheckFailCount:12

2024-12-26 13:21:24,096 INFO maxContent:10485760

2024-12-26 13:21:47,109 INFO notifyConnectTimeout:100

2024-12-26 13:21:47,112 INFO notifySocketTimeout:200

2024-12-26 13:21:47,112 INFO isHealthCheck:true

2024-12-26 13:21:47,112 INFO maxHealthCheckFailCount:12

2024-12-26 13:21:47,112 INFO maxContent:10485760

2024-12-26 13:33:14,464 INFO notifyConnectTimeout:100

2024-12-26 13:33:14,467 INFO notifySocketTimeout:200

2024-12-26 13:33:14,467 INFO isHealthCheck:true

2024-12-26 13:33:14,467 INFO maxHealthCheckFailCount:12

2024-12-26 13:33:14,467 INFO maxContent:10485760

2024-12-26 13:35:02,446 INFO notifyConnectTimeout:100

2024-12-26 13:35:02,449 INFO notifySocketTimeout:200

2024-12-26 13:35:02,449 INFO isHealthCheck:true

2024-12-26 13:35:02,449 INFO maxHealthCheckFailCount:12

2024-12-26 13:35:02,450 INFO maxContent:10485760

2024-12-26 13:42:49,389 INFO notifyConnectTimeout:100

2024-12-26 13:42:49,389 INFO notifySocketTimeout:200

2024-12-26 13:42:49,389 INFO isHealthCheck:true

2024-12-26 13:42:49,389 INFO maxHealthCheckFailCount:12

2024-12-26 13:42:49,389 INFO maxContent:10485760

2024-12-26 13:42:52,860 WARN DumpService start

2024-12-26 13:42:52,860 INFO start clear all config-info.

2024-12-26 13:42:52,861 INFO clear all config-info success.

2024-12-26 13:42:52,861 INFO clear all config-info-tenant success.

2024-12-26 13:42:52,872 INFO All dump page size is set to 750 according to mem limit 8128 MB

2024-12-26 13:42:52,874 INFO start dump all config-info...

2024-12-26 13:42:52,892 INFO [all-dump] submit all task for 2 / 2, dbTime=16,diskTime=2

2024-12-26 13:42:52,892 INFO [all-dump] wait 2 dump tasks to be finished

2024-12-26 13:42:53,894 INFO success to  dump all config-info。

2024-12-26 13:42:53,894 INFO start clear all config-info-beta.

2024-12-26 13:42:53,894 INFO clear all config-info-beta success.

2024-12-26 13:42:53,894 INFO clear all config-info-beta-tenant success.

2024-12-26 13:42:53,898 INFO start clear all config-info-tag.

2024-12-26 13:42:53,898 INFO clear all config-info-tag success.

2024-12-26 13:42:53,898 INFO clear all config-info-tag-tenant success.

2024-12-26 13:42:53,950 ERROR An error occurred while executing method [findAllAggrGroup].
 Parameters: [].

java.lang.RuntimeException: org.springframework.jdbc.BadSqlGrammarException: PreparedStatementCallback; bad SQL grammar [SELECT DISTINCT data_id, group_id, tenant_id FROM config_info_aggr]; nested exception is java.sql.SQLSyntaxErrorException: Table 'nacos.config_info_aggr' doesn't exist
	at com.alibaba.nacos.config.server.service.repository.extrnal.ExternalConfigInfoAggrPersistServiceImpl.findAllAggrGroup(ExternalConfigInfoAggrPersistServiceImpl.java:207)
	at com.alibaba.nacos.config.server.service.repository.extrnal.ExternalConfigInfoAggrPersistServiceImpl$$FastClassBySpringCGLIB$$32f82cc6.invoke(<generated>)
	at org.springframework.cglib.proxy.MethodProxy.invoke(MethodProxy.java:218)
	at org.springframework.aop.framework.CglibAopProxy$CglibMethodInvocation.invokeJoinpoint(CglibAopProxy.java:792)
	at org.springframework.aop.framework.ReflectiveMethodInvocation.proceed(ReflectiveMethodInvocation.java:163)
	at org.springframework.aop.framework.CglibAopProxy$CglibMethodInvocation.proceed(CglibAopProxy.java:762)
	at org.springframework.aop.aspectj.AspectJAfterThrowingAdvice.invoke(AspectJAfterThrowingAdvice.java:64)
	at org.springframework.aop.framework.ReflectiveMethodInvocation.proceed(ReflectiveMethodInvocation.java:186)
	at org.springframework.aop.framework.CglibAopProxy$CglibMethodInvocation.proceed(CglibAopProxy.java:762)
	at org.springframework.aop.interceptor.ExposeInvocationInterceptor.invoke(ExposeInvocationInterceptor.java:97)
	at org.springframework.aop.framework.ReflectiveMethodInvocation.proceed(ReflectiveMethodInvocation.java:186)
	at org.springframework.aop.framework.CglibAopProxy$CglibMethodInvocation.proceed(CglibAopProxy.java:762)
	at org.springframework.aop.framework.CglibAopProxy$DynamicAdvisedInterceptor.intercept(CglibAopProxy.java:707)
	at com.alibaba.nacos.config.server.service.repository.extrnal.ExternalConfigInfoAggrPersistServiceImpl$$EnhancerBySpringCGLIB$$c07a6db5.findAllAggrGroup(<generated>)
	at com.alibaba.nacos.config.server.service.dump.DumpService.dumpOperate(DumpService.java:279)
	at com.alibaba.nacos.config.server.service.dump.ExternalDumpService.init(ExternalDumpService.java:65)
	at java.base/jdk.internal.reflect.NativeMethodAccessorImpl.invoke0(Native Method)
	at java.base/jdk.internal.reflect.NativeMethodAccessorImpl.invoke(NativeMethodAccessorImpl.java:77)
	at java.base/jdk.internal.reflect.DelegatingMethodAccessorImpl.invoke(DelegatingMethodAccessorImpl.java:43)
	at java.base/java.lang.reflect.Method.invoke(Method.java:568)
	at org.springframework.beans.factory.annotation.InitDestroyAnnotationBeanPostProcessor$LifecycleElement.invoke(InitDestroyAnnotationBeanPostProcessor.java:389)
	at org.springframework.beans.factory.annotation.InitDestroyAnnotationBeanPostProcessor$LifecycleMetadata.invokeInitMethods(InitDestroyAnnotationBeanPostProcessor.java:333)
	at org.springframework.beans.factory.annotation.InitDestroyAnnotationBeanPostProcessor.postProcessBeforeInitialization(InitDestroyAnnotationBeanPostProcessor.java:157)
	at org.springframework.beans.factory.support.AbstractAutowireCapableBeanFactory.applyBeanPostProcessorsBeforeInitialization(AbstractAutowireCapableBeanFactory.java:440)
	at org.springframework.beans.factory.support.AbstractAutowireCapableBeanFactory.initializeBean(AbstractAutowireCapableBeanFactory.java:1796)
	at org.springframework.beans.factory.support.AbstractAutowireCapableBeanFactory.doCreateBean(AbstractAutowireCapableBeanFactory.java:620)
	at org.springframework.beans.factory.support.AbstractAutowireCapableBeanFactory.createBean(AbstractAutowireCapableBeanFactory.java:542)
	at org.springframework.beans.factory.support.AbstractBeanFactory.lambda$doGetBean$0(AbstractBeanFactory.java:336)
	at org.springframework.beans.factory.support.DefaultSingletonBeanRegistry.getSingleton(DefaultSingletonBeanRegistry.java:234)
	at org.springframework.beans.factory.support.AbstractBeanFactory.doGetBean(AbstractBeanFactory.java:334)
	at org.springframework.beans.factory.support.AbstractBeanFactory.getBean(AbstractBeanFactory.java:209)
	at org.springframework.beans.factory.config.DependencyDescriptor.resolveCandidate(DependencyDescriptor.java:276)
	at org.springframework.beans.factory.support.DefaultListableBeanFactory.doResolveDependency(DefaultListableBeanFactory.java:1391)
	at org.springframework.beans.factory.support.DefaultListableBeanFactory.resolveDependency(DefaultListableBeanFactory.java:1311)
	at org.springframework.beans.factory.support.ConstructorResolver.resolveAutowiredArgument(ConstructorResolver.java:904)
	at org.springframework.beans.factory.support.ConstructorResolver.createArgumentArray(ConstructorResolver.java:781)
	at org.springframework.beans.factory.support.ConstructorResolver.autowireConstructor(ConstructorResolver.java:220)
	at org.springframework.beans.factory.support.AbstractAutowireCapableBeanFactory.autowireConstructor(AbstractAutowireCapableBeanFactory.java:1372)
	at org.springframework.beans.factory.support.AbstractAutowireCapableBeanFactory.createBeanInstance(AbstractAutowireCapableBeanFactory.java:1222)
	at org.springframework.beans.factory.support.AbstractAutowireCapableBeanFactory.doCreateBean(AbstractAutowireCapableBeanFactory.java:582)
	at org.springframework.beans.factory.support.AbstractAutowireCapableBeanFactory.createBean(AbstractAutowireCapableBeanFactory.java:542)
	at org.springframework.beans.factory.support.AbstractBeanFactory.lambda$doGetBean$0(AbstractBeanFactory.java:336)
	at org.springframework.beans.factory.support.DefaultSingletonBeanRegistry.getSingleton(DefaultSingletonBeanRegistry.java:234)
	at org.springframework.beans.factory.support.AbstractBeanFactory.doGetBean(AbstractBeanFactory.java:334)
	at org.springframework.beans.factory.support.AbstractBeanFactory.getBean(AbstractBeanFactory.java:209)
	at org.springframework.beans.factory.support.DefaultListableBeanFactory.preInstantiateSingletons(DefaultListableBeanFactory.java:955)
	at org.springframework.context.support.AbstractApplicationContext.finishBeanFactoryInitialization(AbstractApplicationContext.java:932)
	at org.springframework.context.support.AbstractApplicationContext.refresh(AbstractApplicationContext.java:591)
	at org.springframework.boot.web.servlet.context.ServletWebServerApplicationContext.refresh(ServletWebServerApplicationContext.java:147)
	at org.springframework.boot.SpringApplication.refresh(SpringApplication.java:732)
	at org.springframework.boot.SpringApplication.refreshContext(SpringApplication.java:409)
	at org.springframework.boot.SpringApplication.run(SpringApplication.java:308)
	at org.springframework.boot.SpringApplication.run(SpringApplication.java:1300)
	at org.springframework.boot.SpringApplication.run(SpringApplication.java:1289)
	at com.alibaba.nacos.Nacos.main(Nacos.java:46)
	at java.base/jdk.internal.reflect.NativeMethodAccessorImpl.invoke0(Native Method)
	at java.base/jdk.internal.reflect.NativeMethodAccessorImpl.invoke(NativeMethodAccessorImpl.java:77)
	at java.base/jdk.internal.reflect.DelegatingMethodAccessorImpl.invoke(DelegatingMethodAccessorImpl.java:43)
	at java.base/java.lang.reflect.Method.invoke(Method.java:568)
	at org.springframework.boot.loader.MainMethodRunner.run(MainMethodRunner.java:49)
	at org.springframework.boot.loader.Launcher.launch(Launcher.java:108)
	at org.springframework.boot.loader.Launcher.launch(Launcher.java:58)
	at org.springframework.boot.loader.PropertiesLauncher.main(PropertiesLauncher.java:467)
Caused by: org.springframework.jdbc.BadSqlGrammarException: PreparedStatementCallback; bad SQL grammar [SELECT DISTINCT data_id, group_id, tenant_id FROM config_info_aggr]; nested exception is java.sql.SQLSyntaxErrorException: Table 'nacos.config_info_aggr' doesn't exist
	at org.springframework.jdbc.support.SQLErrorCodeSQLExceptionTranslator.doTranslate(SQLErrorCodeSQLExceptionTranslator.java:236)
	at org.springframework.jdbc.support.AbstractFallbackSQLExceptionTranslator.translate(AbstractFallbackSQLExceptionTranslator.java:73)
	at org.springframework.jdbc.core.JdbcTemplate.translateException(JdbcTemplate.java:1575)
	at org.springframework.jdbc.core.JdbcTemplate.execute(JdbcTemplate.java:667)
	at org.springframework.jdbc.core.JdbcTemplate.query(JdbcTemplate.java:713)
	at org.springframework.jdbc.core.JdbcTemplate.query(JdbcTemplate.java:744)
	at org.springframework.jdbc.core.JdbcTemplate.query(JdbcTemplate.java:757)
	at org.springframework.jdbc.core.JdbcTemplate.query(JdbcTemplate.java:810)
	at com.alibaba.nacos.config.server.service.repository.extrnal.ExternalConfigInfoAggrPersistServiceImpl.findAllAggrGroup(ExternalConfigInfoAggrPersistServiceImpl.java:198)
	... 62 common frames omitted
Caused by: java.sql.SQLSyntaxErrorException: Table 'nacos.config_info_aggr' doesn't exist
	at com.mysql.cj.jdbc.exceptions.SQLError.createSQLException(SQLError.java:121)
	at com.mysql.cj.jdbc.exceptions.SQLExceptionsMapping.translateException(SQLExceptionsMapping.java:122)
	at com.mysql.cj.jdbc.ClientPreparedStatement.executeInternal(ClientPreparedStatement.java:912)
	at com.mysql.cj.jdbc.ClientPreparedStatement.executeQuery(ClientPreparedStatement.java:968)
	at com.zaxxer.hikari.pool.ProxyPreparedStatement.executeQuery(ProxyPreparedStatement.java:52)
	at com.zaxxer.hikari.pool.HikariProxyPreparedStatement.executeQuery(HikariProxyPreparedStatement.java)
	at org.springframework.jdbc.core.JdbcTemplate$1.doInPreparedStatement(JdbcTemplate.java:722)
	at org.springframework.jdbc.core.JdbcTemplate.execute(JdbcTemplate.java:648)
	... 67 common frames omitted
2024-12-26 13:45:37,751 INFO notifyConnectTimeout:100

2024-12-26 13:45:37,751 INFO notifySocketTimeout:200

2024-12-26 13:45:37,751 INFO isHealthCheck:true

2024-12-26 13:45:37,751 INFO maxHealthCheckFailCount:12

2024-12-26 13:45:37,751 INFO maxContent:10485760

2024-12-26 13:45:41,040 WARN DumpService start

2024-12-26 13:45:41,040 INFO start clear all config-info.

2024-12-26 13:45:41,041 INFO clear all config-info success.

2024-12-26 13:45:41,062 INFO clear all config-info-tenant success.

2024-12-26 13:45:41,073 INFO All dump page size is set to 750 according to mem limit 8128 MB

2024-12-26 13:45:41,074 INFO start dump all config-info...

2024-12-26 13:45:41,084 INFO [all-dump] submit all task for 2 / 2, dbTime=9,diskTime=1

2024-12-26 13:45:41,085 INFO [all-dump] wait 2 dump tasks to be finished

2024-12-26 13:45:42,086 INFO success to  dump all config-info。

2024-12-26 13:45:42,086 INFO start clear all config-info-beta.

2024-12-26 13:45:42,086 INFO clear all config-info-beta success.

2024-12-26 13:45:42,086 INFO clear all config-info-beta-tenant success.

2024-12-26 13:45:42,086 INFO start clear all config-info-tag.

2024-12-26 13:45:42,086 INFO clear all config-info-tag success.

2024-12-26 13:45:42,086 INFO clear all config-info-tag-tenant success.

2024-12-26 13:45:42,140 ERROR An error occurred while executing method [findAllAggrGroup].
 Parameters: [].

java.lang.RuntimeException: org.springframework.jdbc.BadSqlGrammarException: PreparedStatementCallback; bad SQL grammar [SELECT DISTINCT data_id, group_id, tenant_id FROM config_info_aggr]; nested exception is java.sql.SQLSyntaxErrorException: Table 'nacos.config_info_aggr' doesn't exist
	at com.alibaba.nacos.config.server.service.repository.extrnal.ExternalConfigInfoAggrPersistServiceImpl.findAllAggrGroup(ExternalConfigInfoAggrPersistServiceImpl.java:207)
	at com.alibaba.nacos.config.server.service.repository.extrnal.ExternalConfigInfoAggrPersistServiceImpl$$FastClassBySpringCGLIB$$32f82cc6.invoke(<generated>)
	at org.springframework.cglib.proxy.MethodProxy.invoke(MethodProxy.java:218)
	at org.springframework.aop.framework.CglibAopProxy$CglibMethodInvocation.invokeJoinpoint(CglibAopProxy.java:792)
	at org.springframework.aop.framework.ReflectiveMethodInvocation.proceed(ReflectiveMethodInvocation.java:163)
	at org.springframework.aop.framework.CglibAopProxy$CglibMethodInvocation.proceed(CglibAopProxy.java:762)
	at org.springframework.aop.aspectj.AspectJAfterThrowingAdvice.invoke(AspectJAfterThrowingAdvice.java:64)
	at org.springframework.aop.framework.ReflectiveMethodInvocation.proceed(ReflectiveMethodInvocation.java:186)
	at org.springframework.aop.framework.CglibAopProxy$CglibMethodInvocation.proceed(CglibAopProxy.java:762)
	at org.springframework.aop.interceptor.ExposeInvocationInterceptor.invoke(ExposeInvocationInterceptor.java:97)
	at org.springframework.aop.framework.ReflectiveMethodInvocation.proceed(ReflectiveMethodInvocation.java:186)
	at org.springframework.aop.framework.CglibAopProxy$CglibMethodInvocation.proceed(CglibAopProxy.java:762)
	at org.springframework.aop.framework.CglibAopProxy$DynamicAdvisedInterceptor.intercept(CglibAopProxy.java:707)
	at com.alibaba.nacos.config.server.service.repository.extrnal.ExternalConfigInfoAggrPersistServiceImpl$$EnhancerBySpringCGLIB$$c07a6db5.findAllAggrGroup(<generated>)
	at com.alibaba.nacos.config.server.service.dump.DumpService.dumpOperate(DumpService.java:279)
	at com.alibaba.nacos.config.server.service.dump.ExternalDumpService.init(ExternalDumpService.java:65)
	at java.base/jdk.internal.reflect.NativeMethodAccessorImpl.invoke0(Native Method)
	at java.base/jdk.internal.reflect.NativeMethodAccessorImpl.invoke(NativeMethodAccessorImpl.java:77)
	at java.base/jdk.internal.reflect.DelegatingMethodAccessorImpl.invoke(DelegatingMethodAccessorImpl.java:43)
	at java.base/java.lang.reflect.Method.invoke(Method.java:568)
	at org.springframework.beans.factory.annotation.InitDestroyAnnotationBeanPostProcessor$LifecycleElement.invoke(InitDestroyAnnotationBeanPostProcessor.java:389)
	at org.springframework.beans.factory.annotation.InitDestroyAnnotationBeanPostProcessor$LifecycleMetadata.invokeInitMethods(InitDestroyAnnotationBeanPostProcessor.java:333)
	at org.springframework.beans.factory.annotation.InitDestroyAnnotationBeanPostProcessor.postProcessBeforeInitialization(InitDestroyAnnotationBeanPostProcessor.java:157)
	at org.springframework.beans.factory.support.AbstractAutowireCapableBeanFactory.applyBeanPostProcessorsBeforeInitialization(AbstractAutowireCapableBeanFactory.java:440)
	at org.springframework.beans.factory.support.AbstractAutowireCapableBeanFactory.initializeBean(AbstractAutowireCapableBeanFactory.java:1796)
	at org.springframework.beans.factory.support.AbstractAutowireCapableBeanFactory.doCreateBean(AbstractAutowireCapableBeanFactory.java:620)
	at org.springframework.beans.factory.support.AbstractAutowireCapableBeanFactory.createBean(AbstractAutowireCapableBeanFactory.java:542)
	at org.springframework.beans.factory.support.AbstractBeanFactory.lambda$doGetBean$0(AbstractBeanFactory.java:336)
	at org.springframework.beans.factory.support.DefaultSingletonBeanRegistry.getSingleton(DefaultSingletonBeanRegistry.java:234)
	at org.springframework.beans.factory.support.AbstractBeanFactory.doGetBean(AbstractBeanFactory.java:334)
	at org.springframework.beans.factory.support.AbstractBeanFactory.getBean(AbstractBeanFactory.java:209)
	at org.springframework.beans.factory.config.DependencyDescriptor.resolveCandidate(DependencyDescriptor.java:276)
	at org.springframework.beans.factory.support.DefaultListableBeanFactory.doResolveDependency(DefaultListableBeanFactory.java:1391)
	at org.springframework.beans.factory.support.DefaultListableBeanFactory.resolveDependency(DefaultListableBeanFactory.java:1311)
	at org.springframework.beans.factory.support.ConstructorResolver.resolveAutowiredArgument(ConstructorResolver.java:904)
	at org.springframework.beans.factory.support.ConstructorResolver.createArgumentArray(ConstructorResolver.java:781)
	at org.springframework.beans.factory.support.ConstructorResolver.autowireConstructor(ConstructorResolver.java:220)
	at org.springframework.beans.factory.support.AbstractAutowireCapableBeanFactory.autowireConstructor(AbstractAutowireCapableBeanFactory.java:1372)
	at org.springframework.beans.factory.support.AbstractAutowireCapableBeanFactory.createBeanInstance(AbstractAutowireCapableBeanFactory.java:1222)
	at org.springframework.beans.factory.support.AbstractAutowireCapableBeanFactory.doCreateBean(AbstractAutowireCapableBeanFactory.java:582)
	at org.springframework.beans.factory.support.AbstractAutowireCapableBeanFactory.createBean(AbstractAutowireCapableBeanFactory.java:542)
	at org.springframework.beans.factory.support.AbstractBeanFactory.lambda$doGetBean$0(AbstractBeanFactory.java:336)
	at org.springframework.beans.factory.support.DefaultSingletonBeanRegistry.getSingleton(DefaultSingletonBeanRegistry.java:234)
	at org.springframework.beans.factory.support.AbstractBeanFactory.doGetBean(AbstractBeanFactory.java:334)
	at org.springframework.beans.factory.support.AbstractBeanFactory.getBean(AbstractBeanFactory.java:209)
	at org.springframework.beans.factory.support.DefaultListableBeanFactory.preInstantiateSingletons(DefaultListableBeanFactory.java:955)
	at org.springframework.context.support.AbstractApplicationContext.finishBeanFactoryInitialization(AbstractApplicationContext.java:932)
	at org.springframework.context.support.AbstractApplicationContext.refresh(AbstractApplicationContext.java:591)
	at org.springframework.boot.web.servlet.context.ServletWebServerApplicationContext.refresh(ServletWebServerApplicationContext.java:147)
	at org.springframework.boot.SpringApplication.refresh(SpringApplication.java:732)
	at org.springframework.boot.SpringApplication.refreshContext(SpringApplication.java:409)
	at org.springframework.boot.SpringApplication.run(SpringApplication.java:308)
	at org.springframework.boot.SpringApplication.run(SpringApplication.java:1300)
	at org.springframework.boot.SpringApplication.run(SpringApplication.java:1289)
	at com.alibaba.nacos.Nacos.main(Nacos.java:46)
	at java.base/jdk.internal.reflect.NativeMethodAccessorImpl.invoke0(Native Method)
	at java.base/jdk.internal.reflect.NativeMethodAccessorImpl.invoke(NativeMethodAccessorImpl.java:77)
	at java.base/jdk.internal.reflect.DelegatingMethodAccessorImpl.invoke(DelegatingMethodAccessorImpl.java:43)
	at java.base/java.lang.reflect.Method.invoke(Method.java:568)
	at org.springframework.boot.loader.MainMethodRunner.run(MainMethodRunner.java:49)
	at org.springframework.boot.loader.Launcher.launch(Launcher.java:108)
	at org.springframework.boot.loader.Launcher.launch(Launcher.java:58)
	at org.springframework.boot.loader.PropertiesLauncher.main(PropertiesLauncher.java:467)
Caused by: org.springframework.jdbc.BadSqlGrammarException: PreparedStatementCallback; bad SQL grammar [SELECT DISTINCT data_id, group_id, tenant_id FROM config_info_aggr]; nested exception is java.sql.SQLSyntaxErrorException: Table 'nacos.config_info_aggr' doesn't exist
	at org.springframework.jdbc.support.SQLErrorCodeSQLExceptionTranslator.doTranslate(SQLErrorCodeSQLExceptionTranslator.java:236)
	at org.springframework.jdbc.support.AbstractFallbackSQLExceptionTranslator.translate(AbstractFallbackSQLExceptionTranslator.java:73)
	at org.springframework.jdbc.core.JdbcTemplate.translateException(JdbcTemplate.java:1575)
	at org.springframework.jdbc.core.JdbcTemplate.execute(JdbcTemplate.java:667)
	at org.springframework.jdbc.core.JdbcTemplate.query(JdbcTemplate.java:713)
	at org.springframework.jdbc.core.JdbcTemplate.query(JdbcTemplate.java:744)
	at org.springframework.jdbc.core.JdbcTemplate.query(JdbcTemplate.java:757)
	at org.springframework.jdbc.core.JdbcTemplate.query(JdbcTemplate.java:810)
	at com.alibaba.nacos.config.server.service.repository.extrnal.ExternalConfigInfoAggrPersistServiceImpl.findAllAggrGroup(ExternalConfigInfoAggrPersistServiceImpl.java:198)
	... 62 common frames omitted
Caused by: java.sql.SQLSyntaxErrorException: Table 'nacos.config_info_aggr' doesn't exist
	at com.mysql.cj.jdbc.exceptions.SQLError.createSQLException(SQLError.java:121)
	at com.mysql.cj.jdbc.exceptions.SQLExceptionsMapping.translateException(SQLExceptionsMapping.java:122)
	at com.mysql.cj.jdbc.ClientPreparedStatement.executeInternal(ClientPreparedStatement.java:912)
	at com.mysql.cj.jdbc.ClientPreparedStatement.executeQuery(ClientPreparedStatement.java:968)
	at com.zaxxer.hikari.pool.ProxyPreparedStatement.executeQuery(ProxyPreparedStatement.java:52)
	at com.zaxxer.hikari.pool.HikariProxyPreparedStatement.executeQuery(HikariProxyPreparedStatement.java)
	at org.springframework.jdbc.core.JdbcTemplate$1.doInPreparedStatement(JdbcTemplate.java:722)
	at org.springframework.jdbc.core.JdbcTemplate.execute(JdbcTemplate.java:648)
	... 67 common frames omitted
2024-12-26 13:48:12,012 INFO notifyConnectTimeout:100

2024-12-26 13:48:12,015 INFO notifySocketTimeout:200

2024-12-26 13:48:12,015 INFO isHealthCheck:true

2024-12-26 13:48:12,015 INFO maxHealthCheckFailCount:12

2024-12-26 13:48:12,015 INFO maxContent:10485760

2024-12-26 13:48:15,520 WARN DumpService start

2024-12-26 13:48:15,521 INFO start clear all config-info.

2024-12-26 13:48:15,522 INFO clear all config-info success.

2024-12-26 13:48:15,550 INFO clear all config-info-tenant success.

2024-12-26 13:48:15,561 INFO All dump page size is set to 750 according to mem limit 8128 MB

2024-12-26 13:48:15,561 INFO start dump all config-info...

2024-12-26 13:48:15,574 INFO [all-dump] submit all task for 2 / 2, dbTime=12,diskTime=1

2024-12-26 13:48:15,574 INFO [all-dump] wait 2 dump tasks to be finished

2024-12-26 13:48:16,578 INFO success to  dump all config-info。

2024-12-26 13:48:16,578 INFO start clear all config-info-beta.

2024-12-26 13:48:16,578 INFO clear all config-info-beta success.

2024-12-26 13:48:16,578 INFO clear all config-info-beta-tenant success.

2024-12-26 13:48:16,580 INFO start clear all config-info-tag.

2024-12-26 13:48:16,580 INFO clear all config-info-tag success.

2024-12-26 13:48:16,580 INFO clear all config-info-tag-tenant success.

2024-12-26 13:48:16,623 ERROR An error occurred while executing method [findAllAggrGroup].
 Parameters: [].

java.lang.RuntimeException: org.springframework.jdbc.BadSqlGrammarException: PreparedStatementCallback; bad SQL grammar [SELECT DISTINCT data_id, group_id, tenant_id FROM config_info_aggr]; nested exception is java.sql.SQLSyntaxErrorException: Table 'nacos.config_info_aggr' doesn't exist
	at com.alibaba.nacos.config.server.service.repository.extrnal.ExternalConfigInfoAggrPersistServiceImpl.findAllAggrGroup(ExternalConfigInfoAggrPersistServiceImpl.java:207)
	at com.alibaba.nacos.config.server.service.repository.extrnal.ExternalConfigInfoAggrPersistServiceImpl$$FastClassBySpringCGLIB$$32f82cc6.invoke(<generated>)
	at org.springframework.cglib.proxy.MethodProxy.invoke(MethodProxy.java:218)
	at org.springframework.aop.framework.CglibAopProxy$CglibMethodInvocation.invokeJoinpoint(CglibAopProxy.java:792)
	at org.springframework.aop.framework.ReflectiveMethodInvocation.proceed(ReflectiveMethodInvocation.java:163)
	at org.springframework.aop.framework.CglibAopProxy$CglibMethodInvocation.proceed(CglibAopProxy.java:762)
	at org.springframework.aop.aspectj.AspectJAfterThrowingAdvice.invoke(AspectJAfterThrowingAdvice.java:64)
	at org.springframework.aop.framework.ReflectiveMethodInvocation.proceed(ReflectiveMethodInvocation.java:186)
	at org.springframework.aop.framework.CglibAopProxy$CglibMethodInvocation.proceed(CglibAopProxy.java:762)
	at org.springframework.aop.interceptor.ExposeInvocationInterceptor.invoke(ExposeInvocationInterceptor.java:97)
	at org.springframework.aop.framework.ReflectiveMethodInvocation.proceed(ReflectiveMethodInvocation.java:186)
	at org.springframework.aop.framework.CglibAopProxy$CglibMethodInvocation.proceed(CglibAopProxy.java:762)
	at org.springframework.aop.framework.CglibAopProxy$DynamicAdvisedInterceptor.intercept(CglibAopProxy.java:707)
	at com.alibaba.nacos.config.server.service.repository.extrnal.ExternalConfigInfoAggrPersistServiceImpl$$EnhancerBySpringCGLIB$$339c9a2b.findAllAggrGroup(<generated>)
	at com.alibaba.nacos.config.server.service.dump.DumpService.dumpOperate(DumpService.java:279)
	at com.alibaba.nacos.config.server.service.dump.ExternalDumpService.init(ExternalDumpService.java:65)
	at java.base/jdk.internal.reflect.NativeMethodAccessorImpl.invoke0(Native Method)
	at java.base/jdk.internal.reflect.NativeMethodAccessorImpl.invoke(NativeMethodAccessorImpl.java:77)
	at java.base/jdk.internal.reflect.DelegatingMethodAccessorImpl.invoke(DelegatingMethodAccessorImpl.java:43)
	at java.base/java.lang.reflect.Method.invoke(Method.java:568)
	at org.springframework.beans.factory.annotation.InitDestroyAnnotationBeanPostProcessor$LifecycleElement.invoke(InitDestroyAnnotationBeanPostProcessor.java:389)
	at org.springframework.beans.factory.annotation.InitDestroyAnnotationBeanPostProcessor$LifecycleMetadata.invokeInitMethods(InitDestroyAnnotationBeanPostProcessor.java:333)
	at org.springframework.beans.factory.annotation.InitDestroyAnnotationBeanPostProcessor.postProcessBeforeInitialization(InitDestroyAnnotationBeanPostProcessor.java:157)
	at org.springframework.beans.factory.support.AbstractAutowireCapableBeanFactory.applyBeanPostProcessorsBeforeInitialization(AbstractAutowireCapableBeanFactory.java:440)
	at org.springframework.beans.factory.support.AbstractAutowireCapableBeanFactory.initializeBean(AbstractAutowireCapableBeanFactory.java:1796)
	at org.springframework.beans.factory.support.AbstractAutowireCapableBeanFactory.doCreateBean(AbstractAutowireCapableBeanFactory.java:620)
	at org.springframework.beans.factory.support.AbstractAutowireCapableBeanFactory.createBean(AbstractAutowireCapableBeanFactory.java:542)
	at org.springframework.beans.factory.support.AbstractBeanFactory.lambda$doGetBean$0(AbstractBeanFactory.java:336)
	at org.springframework.beans.factory.support.DefaultSingletonBeanRegistry.getSingleton(DefaultSingletonBeanRegistry.java:234)
	at org.springframework.beans.factory.support.AbstractBeanFactory.doGetBean(AbstractBeanFactory.java:334)
	at org.springframework.beans.factory.support.AbstractBeanFactory.getBean(AbstractBeanFactory.java:209)
	at org.springframework.beans.factory.config.DependencyDescriptor.resolveCandidate(DependencyDescriptor.java:276)
	at org.springframework.beans.factory.support.DefaultListableBeanFactory.doResolveDependency(DefaultListableBeanFactory.java:1391)
	at org.springframework.beans.factory.support.DefaultListableBeanFactory.resolveDependency(DefaultListableBeanFactory.java:1311)
	at org.springframework.beans.factory.support.ConstructorResolver.resolveAutowiredArgument(ConstructorResolver.java:904)
	at org.springframework.beans.factory.support.ConstructorResolver.createArgumentArray(ConstructorResolver.java:781)
	at org.springframework.beans.factory.support.ConstructorResolver.autowireConstructor(ConstructorResolver.java:220)
	at org.springframework.beans.factory.support.AbstractAutowireCapableBeanFactory.autowireConstructor(AbstractAutowireCapableBeanFactory.java:1372)
	at org.springframework.beans.factory.support.AbstractAutowireCapableBeanFactory.createBeanInstance(AbstractAutowireCapableBeanFactory.java:1222)
	at org.springframework.beans.factory.support.AbstractAutowireCapableBeanFactory.doCreateBean(AbstractAutowireCapableBeanFactory.java:582)
	at org.springframework.beans.factory.support.AbstractAutowireCapableBeanFactory.createBean(AbstractAutowireCapableBeanFactory.java:542)
	at org.springframework.beans.factory.support.AbstractBeanFactory.lambda$doGetBean$0(AbstractBeanFactory.java:336)
	at org.springframework.beans.factory.support.DefaultSingletonBeanRegistry.getSingleton(DefaultSingletonBeanRegistry.java:234)
	at org.springframework.beans.factory.support.AbstractBeanFactory.doGetBean(AbstractBeanFactory.java:334)
	at org.springframework.beans.factory.support.AbstractBeanFactory.getBean(AbstractBeanFactory.java:209)
	at org.springframework.beans.factory.support.DefaultListableBeanFactory.preInstantiateSingletons(DefaultListableBeanFactory.java:955)
	at org.springframework.context.support.AbstractApplicationContext.finishBeanFactoryInitialization(AbstractApplicationContext.java:932)
	at org.springframework.context.support.AbstractApplicationContext.refresh(AbstractApplicationContext.java:591)
	at org.springframework.boot.web.servlet.context.ServletWebServerApplicationContext.refresh(ServletWebServerApplicationContext.java:147)
	at org.springframework.boot.SpringApplication.refresh(SpringApplication.java:732)
	at org.springframework.boot.SpringApplication.refreshContext(SpringApplication.java:409)
	at org.springframework.boot.SpringApplication.run(SpringApplication.java:308)
	at org.springframework.boot.SpringApplication.run(SpringApplication.java:1300)
	at org.springframework.boot.SpringApplication.run(SpringApplication.java:1289)
	at com.alibaba.nacos.Nacos.main(Nacos.java:46)
	at java.base/jdk.internal.reflect.NativeMethodAccessorImpl.invoke0(Native Method)
	at java.base/jdk.internal.reflect.NativeMethodAccessorImpl.invoke(NativeMethodAccessorImpl.java:77)
	at java.base/jdk.internal.reflect.DelegatingMethodAccessorImpl.invoke(DelegatingMethodAccessorImpl.java:43)
	at java.base/java.lang.reflect.Method.invoke(Method.java:568)
	at org.springframework.boot.loader.MainMethodRunner.run(MainMethodRunner.java:49)
	at org.springframework.boot.loader.Launcher.launch(Launcher.java:108)
	at org.springframework.boot.loader.Launcher.launch(Launcher.java:58)
	at org.springframework.boot.loader.PropertiesLauncher.main(PropertiesLauncher.java:467)
Caused by: org.springframework.jdbc.BadSqlGrammarException: PreparedStatementCallback; bad SQL grammar [SELECT DISTINCT data_id, group_id, tenant_id FROM config_info_aggr]; nested exception is java.sql.SQLSyntaxErrorException: Table 'nacos.config_info_aggr' doesn't exist
	at org.springframework.jdbc.support.SQLErrorCodeSQLExceptionTranslator.doTranslate(SQLErrorCodeSQLExceptionTranslator.java:236)
	at org.springframework.jdbc.support.AbstractFallbackSQLExceptionTranslator.translate(AbstractFallbackSQLExceptionTranslator.java:73)
	at org.springframework.jdbc.core.JdbcTemplate.translateException(JdbcTemplate.java:1575)
	at org.springframework.jdbc.core.JdbcTemplate.execute(JdbcTemplate.java:667)
	at org.springframework.jdbc.core.JdbcTemplate.query(JdbcTemplate.java:713)
	at org.springframework.jdbc.core.JdbcTemplate.query(JdbcTemplate.java:744)
	at org.springframework.jdbc.core.JdbcTemplate.query(JdbcTemplate.java:757)
	at org.springframework.jdbc.core.JdbcTemplate.query(JdbcTemplate.java:810)
	at com.alibaba.nacos.config.server.service.repository.extrnal.ExternalConfigInfoAggrPersistServiceImpl.findAllAggrGroup(ExternalConfigInfoAggrPersistServiceImpl.java:198)
	... 62 common frames omitted
Caused by: java.sql.SQLSyntaxErrorException: Table 'nacos.config_info_aggr' doesn't exist
	at com.mysql.cj.jdbc.exceptions.SQLError.createSQLException(SQLError.java:121)
	at com.mysql.cj.jdbc.exceptions.SQLExceptionsMapping.translateException(SQLExceptionsMapping.java:122)
	at com.mysql.cj.jdbc.ClientPreparedStatement.executeInternal(ClientPreparedStatement.java:912)
	at com.mysql.cj.jdbc.ClientPreparedStatement.executeQuery(ClientPreparedStatement.java:968)
	at com.zaxxer.hikari.pool.ProxyPreparedStatement.executeQuery(ProxyPreparedStatement.java:52)
	at com.zaxxer.hikari.pool.HikariProxyPreparedStatement.executeQuery(HikariProxyPreparedStatement.java)
	at org.springframework.jdbc.core.JdbcTemplate$1.doInPreparedStatement(JdbcTemplate.java:722)
	at org.springframework.jdbc.core.JdbcTemplate.execute(JdbcTemplate.java:648)
	... 67 common frames omitted
2024-12-26 13:49:39,026 INFO notifyConnectTimeout:100

2024-12-26 13:49:39,026 INFO notifySocketTimeout:200

2024-12-26 13:49:39,026 INFO isHealthCheck:true

2024-12-26 13:49:39,026 INFO maxHealthCheckFailCount:12

2024-12-26 13:49:39,026 INFO maxContent:10485760

2024-12-26 13:49:42,431 WARN DumpService start

2024-12-26 13:49:42,431 INFO start clear all config-info.

2024-12-26 13:49:42,432 INFO clear all config-info success.

2024-12-26 13:49:42,454 INFO clear all config-info-tenant success.

2024-12-26 13:49:42,465 INFO All dump page size is set to 750 according to mem limit 8128 MB

2024-12-26 13:49:42,465 INFO start dump all config-info...

2024-12-26 13:49:42,476 INFO [all-dump] submit all task for 2 / 2, dbTime=10,diskTime=0

2024-12-26 13:49:42,476 INFO [all-dump] wait 2 dump tasks to be finished

2024-12-26 13:49:43,480 INFO success to  dump all config-info。

2024-12-26 13:49:43,480 INFO start clear all config-info-beta.

2024-12-26 13:49:43,480 INFO clear all config-info-beta success.

2024-12-26 13:49:43,480 INFO clear all config-info-beta-tenant success.

2024-12-26 13:49:43,484 INFO start clear all config-info-tag.

2024-12-26 13:49:43,484 INFO clear all config-info-tag success.

2024-12-26 13:49:43,484 INFO clear all config-info-tag-tenant success.

2024-12-26 13:49:43,529 ERROR An error occurred while executing method [findAllAggrGroup].
 Parameters: [].

java.lang.RuntimeException: org.springframework.jdbc.BadSqlGrammarException: PreparedStatementCallback; bad SQL grammar [SELECT DISTINCT data_id, group_id, tenant_id FROM config_info_aggr]; nested exception is java.sql.SQLSyntaxErrorException: Table 'nacos.config_info_aggr' doesn't exist
	at com.alibaba.nacos.config.server.service.repository.extrnal.ExternalConfigInfoAggrPersistServiceImpl.findAllAggrGroup(ExternalConfigInfoAggrPersistServiceImpl.java:207)
	at com.alibaba.nacos.config.server.service.repository.extrnal.ExternalConfigInfoAggrPersistServiceImpl$$FastClassBySpringCGLIB$$32f82cc6.invoke(<generated>)
	at org.springframework.cglib.proxy.MethodProxy.invoke(MethodProxy.java:218)
	at org.springframework.aop.framework.CglibAopProxy$CglibMethodInvocation.invokeJoinpoint(CglibAopProxy.java:792)
	at org.springframework.aop.framework.ReflectiveMethodInvocation.proceed(ReflectiveMethodInvocation.java:163)
	at org.springframework.aop.framework.CglibAopProxy$CglibMethodInvocation.proceed(CglibAopProxy.java:762)
	at org.springframework.aop.aspectj.AspectJAfterThrowingAdvice.invoke(AspectJAfterThrowingAdvice.java:64)
	at org.springframework.aop.framework.ReflectiveMethodInvocation.proceed(ReflectiveMethodInvocation.java:186)
	at org.springframework.aop.framework.CglibAopProxy$CglibMethodInvocation.proceed(CglibAopProxy.java:762)
	at org.springframework.aop.interceptor.ExposeInvocationInterceptor.invoke(ExposeInvocationInterceptor.java:97)
	at org.springframework.aop.framework.ReflectiveMethodInvocation.proceed(ReflectiveMethodInvocation.java:186)
	at org.springframework.aop.framework.CglibAopProxy$CglibMethodInvocation.proceed(CglibAopProxy.java:762)
	at org.springframework.aop.framework.CglibAopProxy$DynamicAdvisedInterceptor.intercept(CglibAopProxy.java:707)
	at com.alibaba.nacos.config.server.service.repository.extrnal.ExternalConfigInfoAggrPersistServiceImpl$$EnhancerBySpringCGLIB$$c07a6db5.findAllAggrGroup(<generated>)
	at com.alibaba.nacos.config.server.service.dump.DumpService.dumpOperate(DumpService.java:279)
	at com.alibaba.nacos.config.server.service.dump.ExternalDumpService.init(ExternalDumpService.java:65)
	at java.base/jdk.internal.reflect.NativeMethodAccessorImpl.invoke0(Native Method)
	at java.base/jdk.internal.reflect.NativeMethodAccessorImpl.invoke(NativeMethodAccessorImpl.java:77)
	at java.base/jdk.internal.reflect.DelegatingMethodAccessorImpl.invoke(DelegatingMethodAccessorImpl.java:43)
	at java.base/java.lang.reflect.Method.invoke(Method.java:568)
	at org.springframework.beans.factory.annotation.InitDestroyAnnotationBeanPostProcessor$LifecycleElement.invoke(InitDestroyAnnotationBeanPostProcessor.java:389)
	at org.springframework.beans.factory.annotation.InitDestroyAnnotationBeanPostProcessor$LifecycleMetadata.invokeInitMethods(InitDestroyAnnotationBeanPostProcessor.java:333)
	at org.springframework.beans.factory.annotation.InitDestroyAnnotationBeanPostProcessor.postProcessBeforeInitialization(InitDestroyAnnotationBeanPostProcessor.java:157)
	at org.springframework.beans.factory.support.AbstractAutowireCapableBeanFactory.applyBeanPostProcessorsBeforeInitialization(AbstractAutowireCapableBeanFactory.java:440)
	at org.springframework.beans.factory.support.AbstractAutowireCapableBeanFactory.initializeBean(AbstractAutowireCapableBeanFactory.java:1796)
	at org.springframework.beans.factory.support.AbstractAutowireCapableBeanFactory.doCreateBean(AbstractAutowireCapableBeanFactory.java:620)
	at org.springframework.beans.factory.support.AbstractAutowireCapableBeanFactory.createBean(AbstractAutowireCapableBeanFactory.java:542)
	at org.springframework.beans.factory.support.AbstractBeanFactory.lambda$doGetBean$0(AbstractBeanFactory.java:336)
	at org.springframework.beans.factory.support.DefaultSingletonBeanRegistry.getSingleton(DefaultSingletonBeanRegistry.java:234)
	at org.springframework.beans.factory.support.AbstractBeanFactory.doGetBean(AbstractBeanFactory.java:334)
	at org.springframework.beans.factory.support.AbstractBeanFactory.getBean(AbstractBeanFactory.java:209)
	at org.springframework.beans.factory.config.DependencyDescriptor.resolveCandidate(DependencyDescriptor.java:276)
	at org.springframework.beans.factory.support.DefaultListableBeanFactory.doResolveDependency(DefaultListableBeanFactory.java:1391)
	at org.springframework.beans.factory.support.DefaultListableBeanFactory.resolveDependency(DefaultListableBeanFactory.java:1311)
	at org.springframework.beans.factory.support.ConstructorResolver.resolveAutowiredArgument(ConstructorResolver.java:904)
	at org.springframework.beans.factory.support.ConstructorResolver.createArgumentArray(ConstructorResolver.java:781)
	at org.springframework.beans.factory.support.ConstructorResolver.autowireConstructor(ConstructorResolver.java:220)
	at org.springframework.beans.factory.support.AbstractAutowireCapableBeanFactory.autowireConstructor(AbstractAutowireCapableBeanFactory.java:1372)
	at org.springframework.beans.factory.support.AbstractAutowireCapableBeanFactory.createBeanInstance(AbstractAutowireCapableBeanFactory.java:1222)
	at org.springframework.beans.factory.support.AbstractAutowireCapableBeanFactory.doCreateBean(AbstractAutowireCapableBeanFactory.java:582)
	at org.springframework.beans.factory.support.AbstractAutowireCapableBeanFactory.createBean(AbstractAutowireCapableBeanFactory.java:542)
	at org.springframework.beans.factory.support.AbstractBeanFactory.lambda$doGetBean$0(AbstractBeanFactory.java:336)
	at org.springframework.beans.factory.support.DefaultSingletonBeanRegistry.getSingleton(DefaultSingletonBeanRegistry.java:234)
	at org.springframework.beans.factory.support.AbstractBeanFactory.doGetBean(AbstractBeanFactory.java:334)
	at org.springframework.beans.factory.support.AbstractBeanFactory.getBean(AbstractBeanFactory.java:209)
	at org.springframework.beans.factory.support.DefaultListableBeanFactory.preInstantiateSingletons(DefaultListableBeanFactory.java:955)
	at org.springframework.context.support.AbstractApplicationContext.finishBeanFactoryInitialization(AbstractApplicationContext.java:932)
	at org.springframework.context.support.AbstractApplicationContext.refresh(AbstractApplicationContext.java:591)
	at org.springframework.boot.web.servlet.context.ServletWebServerApplicationContext.refresh(ServletWebServerApplicationContext.java:147)
	at org.springframework.boot.SpringApplication.refresh(SpringApplication.java:732)
	at org.springframework.boot.SpringApplication.refreshContext(SpringApplication.java:409)
	at org.springframework.boot.SpringApplication.run(SpringApplication.java:308)
	at org.springframework.boot.SpringApplication.run(SpringApplication.java:1300)
	at org.springframework.boot.SpringApplication.run(SpringApplication.java:1289)
	at com.alibaba.nacos.Nacos.main(Nacos.java:46)
	at java.base/jdk.internal.reflect.NativeMethodAccessorImpl.invoke0(Native Method)
	at java.base/jdk.internal.reflect.NativeMethodAccessorImpl.invoke(NativeMethodAccessorImpl.java:77)
	at java.base/jdk.internal.reflect.DelegatingMethodAccessorImpl.invoke(DelegatingMethodAccessorImpl.java:43)
	at java.base/java.lang.reflect.Method.invoke(Method.java:568)
	at org.springframework.boot.loader.MainMethodRunner.run(MainMethodRunner.java:49)
	at org.springframework.boot.loader.Launcher.launch(Launcher.java:108)
	at org.springframework.boot.loader.Launcher.launch(Launcher.java:58)
	at org.springframework.boot.loader.PropertiesLauncher.main(PropertiesLauncher.java:467)
Caused by: org.springframework.jdbc.BadSqlGrammarException: PreparedStatementCallback; bad SQL grammar [SELECT DISTINCT data_id, group_id, tenant_id FROM config_info_aggr]; nested exception is java.sql.SQLSyntaxErrorException: Table 'nacos.config_info_aggr' doesn't exist
	at org.springframework.jdbc.support.SQLErrorCodeSQLExceptionTranslator.doTranslate(SQLErrorCodeSQLExceptionTranslator.java:236)
	at org.springframework.jdbc.support.AbstractFallbackSQLExceptionTranslator.translate(AbstractFallbackSQLExceptionTranslator.java:73)
	at org.springframework.jdbc.core.JdbcTemplate.translateException(JdbcTemplate.java:1575)
	at org.springframework.jdbc.core.JdbcTemplate.execute(JdbcTemplate.java:667)
	at org.springframework.jdbc.core.JdbcTemplate.query(JdbcTemplate.java:713)
	at org.springframework.jdbc.core.JdbcTemplate.query(JdbcTemplate.java:744)
	at org.springframework.jdbc.core.JdbcTemplate.query(JdbcTemplate.java:757)
	at org.springframework.jdbc.core.JdbcTemplate.query(JdbcTemplate.java:810)
	at com.alibaba.nacos.config.server.service.repository.extrnal.ExternalConfigInfoAggrPersistServiceImpl.findAllAggrGroup(ExternalConfigInfoAggrPersistServiceImpl.java:198)
	... 62 common frames omitted
Caused by: java.sql.SQLSyntaxErrorException: Table 'nacos.config_info_aggr' doesn't exist
	at com.mysql.cj.jdbc.exceptions.SQLError.createSQLException(SQLError.java:121)
	at com.mysql.cj.jdbc.exceptions.SQLExceptionsMapping.translateException(SQLExceptionsMapping.java:122)
	at com.mysql.cj.jdbc.ClientPreparedStatement.executeInternal(ClientPreparedStatement.java:912)
	at com.mysql.cj.jdbc.ClientPreparedStatement.executeQuery(ClientPreparedStatement.java:968)
	at com.zaxxer.hikari.pool.ProxyPreparedStatement.executeQuery(ProxyPreparedStatement.java:52)
	at com.zaxxer.hikari.pool.HikariProxyPreparedStatement.executeQuery(HikariProxyPreparedStatement.java)
	at org.springframework.jdbc.core.JdbcTemplate$1.doInPreparedStatement(JdbcTemplate.java:722)
	at org.springframework.jdbc.core.JdbcTemplate.execute(JdbcTemplate.java:648)
	... 67 common frames omitted
2024-12-26 13:53:03,328 INFO notifyConnectTimeout:100

2024-12-26 13:53:03,330 INFO notifySocketTimeout:200

2024-12-26 13:53:03,330 INFO isHealthCheck:true

2024-12-26 13:53:03,330 INFO maxHealthCheckFailCount:12

2024-12-26 13:53:03,330 INFO maxContent:10485760

2024-12-26 13:53:06,853 WARN DumpService start

2024-12-26 13:53:06,854 INFO start clear all config-info.

2024-12-26 13:53:06,856 INFO clear all config-info success.

2024-12-26 13:53:06,903 INFO clear all config-info-tenant success.

2024-12-26 13:53:06,916 INFO All dump page size is set to 750 according to mem limit 8128 MB

2024-12-26 13:53:06,917 INFO start dump all config-info...

2024-12-26 13:53:06,917 INFO success to  dump all config-info。

2024-12-26 13:53:06,917 INFO start clear all config-info-beta.

2024-12-26 13:53:06,917 INFO clear all config-info-beta success.

2024-12-26 13:53:06,917 INFO clear all config-info-beta-tenant success.

2024-12-26 13:53:06,923 INFO start clear all config-info-tag.

2024-12-26 13:53:06,923 INFO clear all config-info-tag success.

2024-12-26 13:53:06,923 INFO clear all config-info-tag-tenant success.

