2024-12-26 13:02:15,389 INFO Current addressing mode selection : AddressServerMemberLookup

2024-12-26 13:02:20,476 ERROR [serverlist] exception, error : caused: jmenv.tbsite.net;

2024-12-26 13:02:20,476 ERROR [serverlist] exception, error : caused: jmenv.tbsite.net;

2024-12-26 13:02:20,476 ERROR [serverlist] exception, error : caused: jmenv.tbsite.net;

2024-12-26 13:02:20,476 ERROR [serverlist] exception, error : caused: jmenv.tbsite.net;

2024-12-26 13:02:20,476 ERROR [serverlist] exception, error : caused: jmenv.tbsite.net;

2024-12-26 13:21:26,775 INFO Current addressing mode selection : AddressServerMemberLookup

2024-12-26 13:21:31,872 ERROR [serverlist] exception, error : caused: jmenv.tbsite.net;

2024-12-26 13:21:31,872 ERROR [serverlist] exception, error : caused: jmenv.tbsite.net;

2024-12-26 13:21:31,872 ERROR [serverlist] exception, error : caused: jmenv.tbsite.net;

2024-12-26 13:21:31,872 ERROR [serverlist] exception, error : caused: jmenv.tbsite.net;

2024-12-26 13:21:31,873 ERROR [serverlist] exception, error : caused: jmenv.tbsite.net;

2024-12-26 13:21:49,703 INFO Current addressing mode selection : AddressServerMemberLookup

2024-12-26 13:21:54,801 ERROR [serverlist] exception, error : caused: jmenv.tbsite.net;

2024-12-26 13:21:54,801 ERROR [serverlist] exception, error : caused: jmenv.tbsite.net;

2024-12-26 13:21:54,801 ERROR [serverlist] exception, error : caused: jmenv.tbsite.net;

2024-12-26 13:21:54,801 ERROR [serverlist] exception, error : caused: jmenv.tbsite.net;

2024-12-26 13:21:54,801 ERROR [serverlist] exception, error : caused: jmenv.tbsite.net;

2024-12-26 13:33:17,069 INFO Current addressing mode selection : AddressServerMemberLookup

2024-12-26 13:33:19,571 ERROR [serverlist] exception, error : caused: jmenv.tbsite.net;

2024-12-26 13:33:19,571 ERROR [serverlist] exception, error : caused: jmenv.tbsite.net;

2024-12-26 13:33:19,571 ERROR [serverlist] exception, error : caused: jmenv.tbsite.net;

2024-12-26 13:33:19,571 ERROR [serverlist] exception, error : caused: jmenv.tbsite.net;

2024-12-26 13:33:19,571 ERROR [serverlist] exception, error : caused: jmenv.tbsite.net;

2024-12-26 13:35:05,254 INFO Current addressing mode selection : AddressServerMemberLookup

2024-12-26 13:35:10,334 ERROR [serverlist] exception, error : caused: jmenv.tbsite.net;

2024-12-26 13:35:10,334 ERROR [serverlist] exception, error : caused: jmenv.tbsite.net;

2024-12-26 13:35:10,334 ERROR [serverlist] exception, error : caused: jmenv.tbsite.net;

2024-12-26 13:35:10,334 ERROR [serverlist] exception, error : caused: jmenv.tbsite.net;

2024-12-26 13:35:10,334 ERROR [serverlist] exception, error : caused: jmenv.tbsite.net;

2024-12-26 13:42:52,000 INFO Current addressing mode selection : StandaloneMemberLookup

2024-12-26 13:42:52,729 INFO [ClusterRpcClientProxy] success to refresh cluster rpc client on start up,members =[] 

2024-12-26 13:45:40,270 INFO Current addressing mode selection : StandaloneMemberLookup

2024-12-26 13:45:40,900 INFO [ClusterRpcClientProxy] success to refresh cluster rpc client on start up,members =[] 

2024-12-26 13:48:14,680 INFO Current addressing mode selection : StandaloneMemberLookup

2024-12-26 13:48:15,361 INFO [ClusterRpcClientProxy] success to refresh cluster rpc client on start up,members =[] 

2024-12-26 13:49:41,690 INFO Current addressing mode selection : StandaloneMemberLookup

2024-12-26 13:49:42,303 INFO [ClusterRpcClientProxy] success to refresh cluster rpc client on start up,members =[] 

2024-12-26 13:53:06,057 INFO Current addressing mode selection : StandaloneMemberLookup

2024-12-26 13:53:06,695 INFO [ClusterRpcClientProxy] success to refresh cluster rpc client on start up,members =[] 

2024-12-26 13:53:08,780 INFO This node is ready to provide external services

