2024-12-26 13:42:52,836 INFO Not configure type of control plugin, no limit control for current node.

2024-12-26 13:42:52,836 INFO Load connection metrics collector,size=2,[com.alibaba.nacos.config.server.service.LongPollingConnectionMetricsCollector@3062f9f4, com.alibaba.nacos.core.remote.LongConnectionMetricsCollector@6f1a80fb]

2024-12-26 13:42:52,843 INFO No connection rule content found ,use default empty rule 

2024-12-26 13:42:52,850 INFO No tps control rule of CONFIG_PUSH_COUNT found,content =null  

2024-12-26 13:42:52,851 WARN Tps point for CONFIG_PUSH_COUNT registered, But tps control manager is no limit implementation.

2024-12-26 13:42:52,852 INFO No tps control rule of CONFIG_PUSH_SUCCESS found,content =null  

2024-12-26 13:42:52,852 WARN Tps point for CONFIG_PUSH_SUCCESS registered, But tps control manager is no limit implementation.

2024-12-26 13:42:52,852 INFO No tps control rule of CONFIG_PUSH_FAIL found,content =null  

2024-12-26 13:42:52,852 WARN Tps point for CONFIG_PUSH_FAIL registered, But tps control manager is no limit implementation.

2024-12-26 13:45:41,010 INFO Not configure type of control plugin, no limit control for current node.

2024-12-26 13:45:41,010 INFO Load connection metrics collector,size=2,[com.alibaba.nacos.config.server.service.LongPollingConnectionMetricsCollector@3062f9f4, com.alibaba.nacos.core.remote.LongConnectionMetricsCollector@6f1a80fb]

2024-12-26 13:45:41,010 INFO No connection rule content found ,use default empty rule 

2024-12-26 13:45:41,028 INFO No tps control rule of CONFIG_PUSH_COUNT found,content =null  

2024-12-26 13:45:41,029 WARN Tps point for CONFIG_PUSH_COUNT registered, But tps control manager is no limit implementation.

2024-12-26 13:45:41,029 INFO No tps control rule of CONFIG_PUSH_SUCCESS found,content =null  

2024-12-26 13:45:41,029 WARN Tps point for CONFIG_PUSH_SUCCESS registered, But tps control manager is no limit implementation.

2024-12-26 13:45:41,029 INFO No tps control rule of CONFIG_PUSH_FAIL found,content =null  

2024-12-26 13:45:41,029 WARN Tps point for CONFIG_PUSH_FAIL registered, But tps control manager is no limit implementation.

2024-12-26 13:48:15,493 INFO Not configure type of control plugin, no limit control for current node.

2024-12-26 13:48:15,493 INFO Load connection metrics collector,size=2,[com.alibaba.nacos.config.server.service.LongPollingConnectionMetricsCollector@3062f9f4, com.alibaba.nacos.core.remote.LongConnectionMetricsCollector@6f1a80fb]

2024-12-26 13:48:15,493 INFO No connection rule content found ,use default empty rule 

2024-12-26 13:48:15,507 INFO No tps control rule of CONFIG_PUSH_COUNT found,content =null  

2024-12-26 13:48:15,507 WARN Tps point for CONFIG_PUSH_COUNT registered, But tps control manager is no limit implementation.

2024-12-26 13:48:15,507 INFO No tps control rule of CONFIG_PUSH_SUCCESS found,content =null  

2024-12-26 13:48:15,507 WARN Tps point for CONFIG_PUSH_SUCCESS registered, But tps control manager is no limit implementation.

2024-12-26 13:48:15,507 INFO No tps control rule of CONFIG_PUSH_FAIL found,content =null  

2024-12-26 13:48:15,507 WARN Tps point for CONFIG_PUSH_FAIL registered, But tps control manager is no limit implementation.

2024-12-26 13:49:42,408 INFO Not configure type of control plugin, no limit control for current node.

2024-12-26 13:49:42,410 INFO Load connection metrics collector,size=2,[com.alibaba.nacos.config.server.service.LongPollingConnectionMetricsCollector@41fe8e5f, com.alibaba.nacos.core.remote.LongConnectionMetricsCollector@2016f509]

2024-12-26 13:49:42,410 INFO No connection rule content found ,use default empty rule 

2024-12-26 13:49:42,418 INFO No tps control rule of CONFIG_PUSH_COUNT found,content =null  

2024-12-26 13:49:42,418 WARN Tps point for CONFIG_PUSH_COUNT registered, But tps control manager is no limit implementation.

2024-12-26 13:49:42,418 INFO No tps control rule of CONFIG_PUSH_SUCCESS found,content =null  

2024-12-26 13:49:42,418 WARN Tps point for CONFIG_PUSH_SUCCESS registered, But tps control manager is no limit implementation.

2024-12-26 13:49:42,418 INFO No tps control rule of CONFIG_PUSH_FAIL found,content =null  

2024-12-26 13:49:42,418 WARN Tps point for CONFIG_PUSH_FAIL registered, But tps control manager is no limit implementation.

2024-12-26 13:53:06,815 INFO Not configure type of control plugin, no limit control for current node.

2024-12-26 13:53:06,815 INFO Load connection metrics collector,size=2,[com.alibaba.nacos.config.server.service.LongPollingConnectionMetricsCollector@6f1a80fb, com.alibaba.nacos.core.remote.LongConnectionMetricsCollector@7d2998d8]

2024-12-26 13:53:06,815 INFO No connection rule content found ,use default empty rule 

2024-12-26 13:53:06,837 INFO No tps control rule of CONFIG_PUSH_COUNT found,content =null  

2024-12-26 13:53:06,837 WARN Tps point for CONFIG_PUSH_COUNT registered, But tps control manager is no limit implementation.

2024-12-26 13:53:06,837 INFO No tps control rule of CONFIG_PUSH_SUCCESS found,content =null  

2024-12-26 13:53:06,837 WARN Tps point for CONFIG_PUSH_SUCCESS registered, But tps control manager is no limit implementation.

2024-12-26 13:53:06,837 INFO No tps control rule of CONFIG_PUSH_FAIL found,content =null  

2024-12-26 13:53:06,837 WARN Tps point for CONFIG_PUSH_FAIL registered, But tps control manager is no limit implementation.

2024-12-26 13:53:08,801 INFO No tps control rule of ConfigQuery found,content =null  

2024-12-26 13:53:08,801 WARN Tps point for ConfigQuery registered, But tps control manager is no limit implementation.

2024-12-26 13:53:08,801 INFO No tps control rule of ClusterConfigChangeNotify found,content =null  

2024-12-26 13:53:08,801 WARN Tps point for ClusterConfigChangeNotify registered, But tps control manager is no limit implementation.

2024-12-26 13:53:08,805 INFO No tps control rule of ConfigListen found,content =null  

2024-12-26 13:53:08,805 WARN Tps point for ConfigListen registered, But tps control manager is no limit implementation.

2024-12-26 13:53:08,805 INFO No tps control rule of ConfigRemove found,content =null  

2024-12-26 13:53:08,805 WARN Tps point for ConfigRemove registered, But tps control manager is no limit implementation.

2024-12-26 13:53:08,805 INFO No tps control rule of ConfigPublish found,content =null  

2024-12-26 13:53:08,805 WARN Tps point for ConfigPublish registered, But tps control manager is no limit implementation.

2024-12-26 13:53:08,805 INFO No tps control rule of HealthCheck found,content =null  

2024-12-26 13:53:08,805 WARN Tps point for HealthCheck registered, But tps control manager is no limit implementation.

2024-12-26 13:53:08,808 INFO No tps control rule of RemoteNamingServiceQuery found,content =null  

2024-12-26 13:53:08,808 WARN Tps point for RemoteNamingServiceQuery registered, But tps control manager is no limit implementation.

2024-12-26 13:53:08,808 INFO No tps control rule of RemoteNamingInstanceBatchRegister found,content =null  

2024-12-26 13:53:08,808 WARN Tps point for RemoteNamingInstanceBatchRegister registered, But tps control manager is no limit implementation.

2024-12-26 13:53:08,808 INFO No tps control rule of RemoteNamingInstanceRegisterDeregister found,content =null  

2024-12-26 13:53:08,808 WARN Tps point for RemoteNamingInstanceRegisterDeregister registered, But tps control manager is no limit implementation.

2024-12-26 13:53:08,808 INFO No tps control rule of RemoteNamingServiceListQuery found,content =null  

2024-12-26 13:53:08,808 WARN Tps point for RemoteNamingServiceListQuery registered, But tps control manager is no limit implementation.

2024-12-26 13:53:08,808 INFO No tps control rule of RemoteNamingServiceSubscribeUnSubscribe found,content =null  

2024-12-26 13:53:08,808 WARN Tps point for RemoteNamingServiceSubscribeUnSubscribe registered, But tps control manager is no limit implementation.

2024-12-26 13:53:08,808 WARN Tps point for RemoteNamingInstanceRegisterDeregister registered, But tps control manager is no limit implementation.

2024-12-26 13:53:08,808 INFO No tps control rule of NamingServiceSubscribe found,content =null  

2024-12-26 13:53:08,808 WARN Tps point for NamingServiceSubscribe registered, But tps control manager is no limit implementation.

2024-12-26 13:53:08,808 INFO No tps control rule of NamingServiceQuery found,content =null  

2024-12-26 13:53:08,808 WARN Tps point for NamingServiceQuery registered, But tps control manager is no limit implementation.

2024-12-26 13:53:08,808 INFO No tps control rule of NamingInstanceDeregister found,content =null  

2024-12-26 13:53:08,808 WARN Tps point for NamingInstanceDeregister registered, But tps control manager is no limit implementation.

2024-12-26 13:53:08,808 INFO No tps control rule of NamingInstanceMetadataUpdate found,content =null  

2024-12-26 13:53:08,808 WARN Tps point for NamingInstanceMetadataUpdate registered, But tps control manager is no limit implementation.

2024-12-26 13:53:08,808 INFO No tps control rule of HttpHealthCheck found,content =null  

2024-12-26 13:53:08,808 WARN Tps point for HttpHealthCheck registered, But tps control manager is no limit implementation.

2024-12-26 13:53:08,808 WARN Tps point for NamingInstanceMetadataUpdate registered, But tps control manager is no limit implementation.

2024-12-26 13:53:08,808 WARN Tps point for NamingServiceQuery registered, But tps control manager is no limit implementation.

2024-12-26 13:53:08,808 INFO No tps control rule of NamingInstanceUpdate found,content =null  

2024-12-26 13:53:08,808 WARN Tps point for NamingInstanceUpdate registered, But tps control manager is no limit implementation.

2024-12-26 13:53:08,808 WARN Tps point for NamingInstanceDeregister registered, But tps control manager is no limit implementation.

2024-12-26 13:53:08,808 INFO No tps control rule of NamingInstanceRegister found,content =null  

2024-12-26 13:53:08,808 WARN Tps point for NamingInstanceRegister registered, But tps control manager is no limit implementation.

2024-12-26 13:53:08,808 INFO No tps control rule of NamingServiceUpdate found,content =null  

2024-12-26 13:53:08,808 WARN Tps point for NamingServiceUpdate registered, But tps control manager is no limit implementation.

2024-12-26 13:53:08,808 INFO No tps control rule of NamingServiceDeregister found,content =null  

2024-12-26 13:53:08,808 WARN Tps point for NamingServiceDeregister registered, But tps control manager is no limit implementation.

2024-12-26 13:53:08,808 WARN Tps point for NamingInstanceRegister registered, But tps control manager is no limit implementation.

2024-12-26 13:53:08,808 WARN Tps point for ConfigPublish registered, But tps control manager is no limit implementation.

2024-12-26 13:53:08,808 INFO No tps control rule of NamingServiceListQuery found,content =null  

2024-12-26 13:53:08,808 WARN Tps point for NamingServiceListQuery registered, But tps control manager is no limit implementation.

2024-12-26 13:53:08,808 WARN Tps point for NamingInstanceMetadataUpdate registered, But tps control manager is no limit implementation.

2024-12-26 13:53:08,808 INFO No tps control rule of NamingInstanceQuery found,content =null  

2024-12-26 13:53:08,808 WARN Tps point for NamingInstanceQuery registered, But tps control manager is no limit implementation.

2024-12-26 13:53:08,808 WARN Tps point for HttpHealthCheck registered, But tps control manager is no limit implementation.

2024-12-26 13:53:08,808 WARN Tps point for NamingServiceSubscribe registered, But tps control manager is no limit implementation.

2024-12-26 13:53:08,808 WARN Tps point for NamingServiceDeregister registered, But tps control manager is no limit implementation.

2024-12-26 13:53:08,808 WARN Tps point for ConfigQuery registered, But tps control manager is no limit implementation.

2024-12-26 13:53:08,808 WARN Tps point for NamingInstanceMetadataUpdate registered, But tps control manager is no limit implementation.

2024-12-26 13:53:08,808 INFO No tps control rule of NamingServiceRegister found,content =null  

2024-12-26 13:53:08,808 WARN Tps point for NamingServiceRegister registered, But tps control manager is no limit implementation.

2024-12-26 13:53:08,808 WARN Tps point for NamingInstanceQuery registered, But tps control manager is no limit implementation.

2024-12-26 13:53:08,808 WARN Tps point for NamingServiceListQuery registered, But tps control manager is no limit implementation.

2024-12-26 13:53:08,808 WARN Tps point for NamingServiceUpdate registered, But tps control manager is no limit implementation.

2024-12-26 13:53:08,808 WARN Tps point for NamingServiceRegister registered, But tps control manager is no limit implementation.

2024-12-26 13:53:08,808 WARN Tps point for NamingInstanceUpdate registered, But tps control manager is no limit implementation.

2024-12-26 14:55:38,158 INFO No tps control rule of NAMING_RPC_PUSH found,content =null  

2024-12-26 14:55:38,158 WARN Tps point for NAMING_RPC_PUSH registered, But tps control manager is no limit implementation.

2024-12-26 14:55:38,159 INFO No tps control rule of NAMING_RPC_PUSH_SUCCESS found,content =null  

2024-12-26 14:55:38,159 WARN Tps point for NAMING_RPC_PUSH_SUCCESS registered, But tps control manager is no limit implementation.

2024-12-26 14:55:38,160 INFO No tps control rule of NAMING_RPC_PUSH_FAIL found,content =null  

2024-12-26 14:55:38,160 WARN Tps point for NAMING_RPC_PUSH_FAIL registered, But tps control manager is no limit implementation.

2024-12-26 14:55:38,160 INFO No tps control rule of NAMING_UDP_PUSH found,content =null  

2024-12-26 14:55:38,160 WARN Tps point for NAMING_UDP_PUSH registered, But tps control manager is no limit implementation.

2024-12-26 14:55:38,160 INFO No tps control rule of NAMING_UDP_PUSH_SUCCESS found,content =null  

2024-12-26 14:55:38,160 WARN Tps point for NAMING_UDP_PUSH_SUCCESS registered, But tps control manager is no limit implementation.

2024-12-26 14:55:38,160 INFO No tps control rule of NAMING_UDP_PUSH_FAIL found,content =null  

2024-12-26 14:55:38,160 WARN Tps point for NAMING_UDP_PUSH_FAIL registered, But tps control manager is no limit implementation.

2024-12-26 14:55:38,160 INFO No tps control rule of NAMING_DISTRO_SYNC found,content =null  

2024-12-26 14:55:38,160 WARN Tps point for NAMING_DISTRO_SYNC registered, But tps control manager is no limit implementation.

2024-12-26 14:55:38,160 INFO No tps control rule of NAMING_DISTRO_SYNC_SUCCESS found,content =null  

2024-12-26 14:55:38,160 WARN Tps point for NAMING_DISTRO_SYNC_SUCCESS registered, But tps control manager is no limit implementation.

2024-12-26 14:55:38,160 INFO No tps control rule of NAMING_DISTRO_SYNC_FAIL found,content =null  

2024-12-26 14:55:38,160 WARN Tps point for NAMING_DISTRO_SYNC_FAIL registered, But tps control manager is no limit implementation.

2024-12-26 14:55:38,160 INFO No tps control rule of NAMING_DISTRO_VERIFY found,content =null  

2024-12-26 14:55:38,160 WARN Tps point for NAMING_DISTRO_VERIFY registered, But tps control manager is no limit implementation.

2024-12-26 14:55:38,161 INFO No tps control rule of NAMING_DISTRO_VERIFY_SUCCESS found,content =null  

2024-12-26 14:55:38,161 WARN Tps point for NAMING_DISTRO_VERIFY_SUCCESS registered, But tps control manager is no limit implementation.

2024-12-26 14:55:38,161 INFO No tps control rule of NAMING_DISTRO_VERIFY_FAIL found,content =null  

2024-12-26 14:55:38,161 WARN Tps point for NAMING_DISTRO_VERIFY_FAIL registered, But tps control manager is no limit implementation.

