2024-12-26 13:42:52,048 INFO [ClientConnectionEventListenerRegistry] registry listener - ConnectionBasedClientManager

2024-12-26 13:45:40,301 INFO [ClientConnectionEventListenerRegistry] registry listener - ConnectionBasedClientManager

2024-12-26 13:48:14,720 INFO [ClientConnectionEventListenerRegistry] registry listener - ConnectionBasedClientManager

2024-12-26 13:49:41,726 INFO [ClientConnectionEventListenerRegistry] registry listener - ConnectionBasedClientManager

2024-12-26 13:53:06,089 INFO [ClientConnectionEventListenerRegistry] registry listener - ConnectionBasedClientManager

2024-12-26 13:53:07,001 INFO [ClientConnectionEventListenerRegistry] registry listener - ConfigConnectionEventListener

2024-12-26 13:53:07,021 INFO Nacos GrpcSdkServer Rpc server starting at port 9848

2024-12-26 13:53:07,160 INFO Load ProtocolNegotiatorBuilder com.alibaba.nacos.core.remote.grpc.negotiator.tls.SdkDefaultTlsProtocolNegotiatorBuilder for type DEFAULT_TLS

2024-12-26 13:53:07,160 INFO Load ProtocolNegotiatorBuilder com.alibaba.nacos.core.remote.grpc.negotiator.tls.ClusterDefaultTlsProtocolNegotiatorBuilder for type CLUSTER_DEFAULT_TLS

2024-12-26 13:53:07,160 WARN Not found ProtocolNegotiatorBuilder for type nacos.remote.server.rpc.protocol.negotiator.type, will use default type nacos.remote.server.rpc.protocol.negotiator.type

2024-12-26 13:53:07,161 WARN Recommended use 'nacos.remote.server.grpc.sdk.max-inbound-message-size' property instead 'nacos.remote.server.grpc.maxinbound.message.size', now property value is 10485760

2024-12-26 13:53:07,276 INFO Ssl Context auto refresh is not supported.

2024-12-26 13:53:07,276 INFO Ssl Context auto refresh is not supported.

2024-12-26 13:53:07,276 INFO RpcServerSslContextRefresher initialization completed.

2024-12-26 13:53:07,276 INFO Nacos GrpcSdkServer Rpc server started at port 9848

2024-12-26 13:53:07,278 INFO Nacos GrpcClusterServer Rpc server starting at port 9849

2024-12-26 13:53:07,278 WARN Not found ProtocolNegotiatorBuilder for type nacos.remote.cluster.server.rpc.protocol.negotiator.type, will use default type nacos.remote.cluster.server.rpc.protocol.negotiator.type

2024-12-26 13:53:07,279 WARN Recommended use 'nacos.remote.server.grpc.cluster.max-inbound-message-size' property instead 'nacos.remote.server.grpc.maxinbound.message.size', now property value is 10485760

2024-12-26 13:53:07,280 INFO Nacos GrpcClusterServer Rpc server started at port 9849

2024-12-26 13:53:07,298 INFO [ClientConnectionEventListenerRegistry] registry listener - RpcAckCallbackInitorOrCleaner

2024-12-26 22:05:25,225 INFO Nacos GrpcClusterServer Rpc server stopping

2024-12-26 22:05:25,228 INFO Nacos GrpcSdkServer Rpc server stopping

2024-12-26 22:05:25,248 INFO Nacos GrpcClusterServer Rpc server stopped successfully...

2024-12-26 22:05:25,248 INFO Nacos GrpcSdkServer Rpc server stopped successfully...

